
<!DOCTYPE html>
<html>
	<head>
		<!--
			ExtentReports Library 2.41.1 | http://relevantcodes.com/extentreports-for-selenium/ | https://github.com/anshooarora/
			Copyright (c) 2015, Anshoo Arora (Relevant Codes) | Copyrights licensed under the New BSD License | http://opensource.org/licenses/BSD-3-Clause
			Documentation: http://extentreports.relevantcodes.com 
		-->

		<meta charset='UTF-8' /> 
		<meta name='description' content='ExtentReports (by Anshoo Arora) is a reporting library for automation testing for .NET and Java. It creates detailed and beautiful HTML reports for modern browsers. ExtentReports shows test and step summary along with dashboards, system and environment details for quick analysis of your tests.' />
		<meta name='robots' content='noodp, noydir' />
		<meta name='viewport' content='width=device-width, initial-scale=1' />
		<meta name='extentx' id='extentx' content='' />
		
		<title>
				ExtentReports 2.0
		</title>
		
		
		<link href='https://fonts.googleapis.com/css?family=Source+Sans+Pro:400,600' rel='stylesheet' type='text/css'>
		<link href='https://cdn.rawgit.com/anshooarora/extentreports/6032d73243ba4fe4fb8769eb9c315d4fdf16fe68/cdn/extent.css' type='text/css' rel='stylesheet' />
		
		<style>
				
            
                
            
        
		</style>
	</head>
	
	
	<body class='extent default standard hide-overflow'>
		<!-- nav -->
		<nav>
			<div class='logo-container blue darken-2'>
				<a class='logo-content' href='http://extentreports.relevantcodes.com'>
					<span>ExtentReports</span>
				</a>
				<a href='#' data-activates='slide-out' class='button-collapse hide-on-large-only'><i class='mdi-navigation-apps'></i></a>
			</div>
			<ul id='slide-out' class='side-nav fixed hide-on-med-and-down'>
				<li class='analysis waves-effect active'><a href='#!' class='test-view' onclick="_updateCurrentStage(0)"><i class='mdi-action-dashboard'></i>Test Details</a></li>
					<li class='analysis waves-effect'><a href='#!' class='categories-view' onclick="_updateCurrentStage(1)"><i class='mdi-maps-local-offer'></i>Categories</a></li>
					<li class='analysis waves-effect'><a href='#!' class='exceptions-view' onclick="_updateCurrentStage(2)"><i class='mdi-action-bug-report'></i>Exceptions</a></li>
				<li class='analysis waves-effect'>
					<a href='#!' onclick="_updateCurrentStage(-1)" class='dashboard-view'><i class='mdi-action-track-changes'></i></i>Analysis</a>
				</li>
			</ul>
			<span class='report-name'>Automation Report</span> <span class='report-headline'></span>
			<ul class='right hide-on-med-and-down nav-right'>
				<li class='theme-selector' alt='Click to toggle dark theme. To enable by default, use js configuration $("body").addClass("dark");' title='Click to toggle dark theme. To enable by default, use js configuration $("body").addClass("dark");'>
					<i class='mdi-hardware-desktop-windows'></i>
				</li>
				<li>
					<span class='suite-started-time'>2024-05-22 20:00:58</span>
				</li>
				<li>
					<span>v2.41.1</span>
				</li>
			</ul>
		</nav>
		<!-- /nav -->
		
		<!-- container -->
		<div class='container'>
			
			<!-- dashboard -->
			<div id='dashboard-view' class='row'>
				<div class='time-totals'>
					<div class='col l2 m4 s6'>
						<div class='card suite-total-tests'> 
							<span class='panel-name'>Total Tests</span> 
							<span class='total-tests'> <span class='panel-lead'></span> </span> 
						</div> 
					</div>
					<div class='col l2 m4 s6'>
						<div class='card suite-total-steps'> 
							<span class='panel-name'>Total Steps</span> 
							<span class='total-steps'> <span class='panel-lead'></span> </span> 
						</div> 
					</div>
					<div class='col l2 m4 s12'>
						<div class='card suite-total-time-current'> 
							<span class='panel-name'>Total Time Taken (Current Run)</span> 
							<span class='suite-total-time-current-value panel-lead'>0h 3m 26s+411ms</span> 
						</div> 
					</div>
					<div class='col l2 m4 s12'>
						<div class='card suite-total-time-overall'> 
							<span class='panel-name'>Total Time Taken (Overall)</span> 
							<span class='suite-total-time-overall-value panel-lead'>0h 3m 26s+411ms</span> 
						</div> 
					</div>
					<div class='col l2 m4 s6 suite-start-time'>
						<div class='card accent green-accent'> 
							<span class='panel-name'>Start</span> 
							<span class='panel-lead suite-started-time'>2024-05-22 19:57:31</span> 
						</div> 
					</div>
					<div class='col l2 m4 s6 suite-end-time'>
						<div class='card accent pink-accent'> 
							<span class='panel-name'>End</span> 
							<span class='panel-lead suite-ended-time'>2024-05-22 20:00:58</span> 
						</div> 
					</div>
				</div>
				<div class='charts'>
					<div class='col s12 m6 l4 fh'> 
						<div class='card-panel'> 
							<div>
								<span class='panel-name'>Tests View</span>
							</div> 
							<div class='panel-setting modal-trigger test-count-setting right'>
								<a href='#test-count-setting'><i class='mdi-navigation-more-vert text-md'></i></a>
							</div> 
							<div class='chart-box'>
								<canvas class='text-centered' id='test-analysis'></canvas>
							</div> 
							<div>
								<span class='weight-light'><span class='t-pass-count weight-normal'></span> test(s) passed</span>
							</div> 
							<div>
								<span class='weight-light'><span class='t-fail-count weight-normal'></span> test(s) failed, <span class='t-others-count weight-normal'></span> others</span>
							</div> 
						</div> 
					</div> 
					<div class='col s12 m6 l4 fh'> 
						<div class='card-panel'> 
							<div>
								<span class='panel-name'>Steps View</span>
							</div> 
							<div class='panel-setting modal-trigger step-status-filter right'>
								<a href='#step-status-filter'><i class='mdi-navigation-more-vert text-md'></i></a>
							</div> 
							<div class='chart-box'>
								<canvas class='text-centered' id='step-analysis'></canvas>
							</div> 
							<div>
								<span class='weight-light'><span class='s-pass-count weight-normal'></span> step(s) passed </span>
							</div> 
							<div>
								<span class='weight-light'><span class='s-fail-count weight-normal'></span> step(s) failed, <span class='s-others-count weight-normal'></span> others</span>
							</div> 
						</div> 
					</div>
					<div class='col s12 m12 l4 fh'> 
						<div class='card-panel'> 
							<span class='panel-name'>Pass Percentage</span> 
							<span class='pass-percentage panel-lead'></span> 
							<div class='progress light-blue lighten-3'> 
								<div class='determinate light-blue'></div> 
							</div> 
						</div> 
					</div>
				</div>
				<div class='system-view'>
					<div class='col l4 m12 s12'>
						<div class='card-panel'>
							<span class='label info outline right'>Environment</span>
							<table>
								<thead>
									<tr>
										<th>Param</th>
										<th>Value</th>
									</tr>
								</thead>
								<tbody>
										<tr>
											<td>User Name</td>
											<td>SUSMITHA</td>
										</tr>
										<tr>
											<td>OS</td>
											<td>Windows 11</td>
										</tr>
										<tr>
											<td>Java Version</td>
											<td>17.0.10</td>
										</tr>
										<tr>
											<td>Host Name</td>
											<td>LAPTOP-6C34LHA8</td>
										</tr>
								</tbody>
							</table>
						</div>
					</div>
				</div>
					<div class='category-summary-view'>
						<div class='col l4 m6 s12'>
							<div class='card-panel'>
								<span class='label info outline right'>Categories</span>
								<table>
									<thead>
										<tr>
											<th>Name</th>
										</tr>
									</thead>
									<tbody>
											<tr>
												<td>
													sanity
												</td>
											</tr>
											<tr>
												<td>
													smoke
												</td>
											</tr>
									</tbody>
								</table>
							</div>
						</div>
					</div>
			</div>
			<!-- /dashboard -->
			
			<!-- tests -->
			<div id='test-view' class='row _addedTable'>
				<div class='col _addedCell1'>
					<div class='contents'>
						<div class='card-panel heading'>
							<h5>Tests</h5>
						</div>
						<div class='card-panel filters'>
							<div>
								<a class='dropdown-button btn-floating btn-small waves-effect waves-light grey tests-toggle' data-activates='tests-toggle' data-constrainwidth='true' data-beloworigin='true' data-hover='true' href='#'>
									<i class='mdi-action-reorder'></i>
								</a>
								<ul id='tests-toggle' class='dropdown-content'>
									<li class='pass'><a href='#!'>Pass</a></li>
									<li class='fail'><a href='#!'>Fail</a></li>
									<li class='skip'><a href='#!'>Skip</a></li>
									<li class='divider'></li>
									<li class='clear'><a href='#!'>Clear Filters</a></li>
								</ul>
							</div>
								<div>
									<a class='dropdown-button btn-floating btn-small waves-effect waves-light grey category-toggle' data-activates='category-toggle' data-constrainwidth='false' data-beloworigin='true' data-hover='true' href='#'>
										<i class='mdi-maps-local-offer'></i>
									</a>
									<ul id='category-toggle' class='dropdown-content'>
											<li class='sanity'><a href='#!'>sanity</a></li>
											<li class='smoke'><a href='#!'>smoke</a></li>
										<li class='divider'></li>
										<li class='clear'><a href='#!'>Clear Filters</a></li>
									</ul>
								</div>
							<div>
								<a class='btn-floating btn-small waves-effect waves-light grey' id='clear-filters' alt='Clear Filters' title='Clear Filters'>
									<i class='mdi-navigation-close'></i>
								</a>
							</div>
							<div>
								<a class='btn-floating btn-small waves-effect waves-light grey' id='enableDashboard' alt='Enable Dashboard' title='Enable Dashboard'>
									<i class='mdi-action-track-changes'></i>
								</a>
							</div>
							<div>
								<a class='btn-floating btn-small waves-effect waves-light blue enabled' id='refreshCharts' alt='Refresh Charts on Filters' title='Refresh Charts on Filters'>
									<i class='mdi-navigation-refresh'></i>
								</a>
							</div>
							<div class='search' alt='Search Tests' title='Search Tests'>
								<div class='input-field left'>
									<input id='searchTests' type='text' class='validate' placeholder='Search Tests...'>
								</div>
								<a href="#" class='btn-floating btn-small waves-effect waves-light grey'>
									<i class='mdi-action-search'></i>
								</a>
							</div>
						</div>
						<div class='card-panel no-padding-h no-padding-v no-margin-v'>
							<div class='wrapper'>
								<ul id='test-collection' class='test-collection'>
										<li class='collection-item test displayed active fail ' extentid='1399b565-7433-41d2-aed4-a1e65910fc7f'>
											<div class='test-head'>
												<span class='test-name'>verify_GraphicElements </span>
												<span class='test-status label right outline capitalize fail'>fail</span>
												<span class='category-assigned hide '></span>
											</div>
											<div class='test-body'>
												<div class='test-info'>
													<span title='Test started time' alt='Test started time' class='test-started-time label green lighten-1 text-white'>2024-05-22 20:00:01</span>
													<span title='Test ended time' alt='Test ended time' class='test-ended-time label red lighten-1 text-white'>2024-05-22 20:00:04</span>
													<span title='Time taken to finish' alt='Time taken to finish' class='test-time-taken label blue-grey lighten-3 text-white'>0h 0m 2s+828ms</span>
												</div>
												<div class='test-desc'></div>
												<div class='test-attributes'>
												</div>
												<div class='test-steps'>
													<table class='bordered table-results'>
														<thead>
															<tr>
																<th>Status</th>
																<th>Timestamp</th>
																<th>Details</th>
															</tr>
														</thead>
														<tbody>
																<tr>
																	<td class='status fail' title='fail' alt='fail'><i class='mdi-navigation-cancel'></i></td>
																	<td class='timestamp'>20:00:04</td>
																	<td class='step-details'><pre>java.lang.AssertionError: expected [16] but found [8]
	at org.testng.Assert.fail(Assert.java:111)
	at org.testng.Assert.failNotEquals(Assert.java:1578)
	at org.testng.Assert.assertEqualsImpl(Assert.java:150)
	at org.testng.Assert.assertEquals(Assert.java:132)
	at org.testng.Assert.assertEquals(Assert.java:1419)
	at org.testng.Assert.assertEquals(Assert.java:1383)
	at org.testng.Assert.assertEquals(Assert.java:1429)
	at com.sevenrmartsupermarket.tests.HomeTest.verify_GraphicElements(HomeTest.java:22)
	at java.base/jdk.internal.reflect.NativeMethodAccessorImpl.invoke0(Native Method)
	at java.base/jdk.internal.reflect.NativeMethodAccessorImpl.invoke(NativeMethodAccessorImpl.java:77)
	at java.base/jdk.internal.reflect.DelegatingMethodAccessorImpl.invoke(DelegatingMethodAccessorImpl.java:43)
	at java.base/java.lang.reflect.Method.invoke(Method.java:568)
	at org.testng.internal.invokers.MethodInvocationHelper.invokeMethod(MethodInvocationHelper.java:139)
	at org.testng.internal.invokers.TestInvoker.invokeMethod(TestInvoker.java:664)
	at org.testng.internal.invokers.TestInvoker.invokeTestMethod(TestInvoker.java:227)
	at org.testng.internal.invokers.MethodRunner.runInSequence(MethodRunner.java:50)
	at org.testng.internal.invokers.TestInvoker$MethodInvocationAgent.invoke(TestInvoker.java:957)
	at org.testng.internal.invokers.TestInvoker.invokeTestMethods(TestInvoker.java:200)
	at org.testng.internal.invokers.TestMethodWorker.invokeTestMethods(TestMethodWorker.java:148)
	at org.testng.internal.invokers.TestMethodWorker.run(TestMethodWorker.java:128)
	at java.base/java.util.ArrayList.forEach(ArrayList.java:1511)
	at org.testng.TestRunner.privateRun(TestRunner.java:848)
	at org.testng.TestRunner.run(TestRunner.java:621)
	at org.testng.SuiteRunner.runTest(SuiteRunner.java:443)
	at org.testng.SuiteRunner$SuiteWorker.run(SuiteRunner.java:481)
	at org.testng.internal.thread.ThreadUtil.lambda$execute$0(ThreadUtil.java:58)
	at java.base/java.util.concurrent.FutureTask.run(FutureTask.java:264)
	at java.base/java.util.concurrent.ThreadPoolExecutor.runWorker(ThreadPoolExecutor.java:1136)
	at java.base/java.util.concurrent.ThreadPoolExecutor$Worker.run(ThreadPoolExecutor.java:635)
	at java.base/java.lang.Thread.run(Thread.java:842)
</pre></td>
																</tr>
														</tbody>
													</table>
													<ul class='collapsible node-list' data-collapsible='accordion'>
													</ul>
												</div>
											</div>
										</li>
										<li class='collection-item test displayed active fail ' extentid='e5e84f55-9d72-4fbd-8b55-3e9049235991'>
											<div class='test-head'>
												<span class='test-name'>searchDetailsOfOrder </span>
												<span class='test-status label right outline capitalize fail'>fail</span>
												<span class='category-assigned hide '></span>
											</div>
											<div class='test-body'>
												<div class='test-info'>
													<span title='Test started time' alt='Test started time' class='test-started-time label green lighten-1 text-white'>2024-05-22 20:00:42</span>
													<span title='Test ended time' alt='Test ended time' class='test-ended-time label red lighten-1 text-white'>2024-05-22 20:00:54</span>
													<span title='Time taken to finish' alt='Time taken to finish' class='test-time-taken label blue-grey lighten-3 text-white'>0h 0m 11s+985ms</span>
												</div>
												<div class='test-desc'></div>
												<div class='test-attributes'>
												</div>
												<div class='test-steps'>
													<table class='bordered table-results'>
														<thead>
															<tr>
																<th>Status</th>
																<th>Timestamp</th>
																<th>Details</th>
															</tr>
														</thead>
														<tbody>
																<tr>
																	<td class='status fail' title='fail' alt='fail'><i class='mdi-navigation-cancel'></i></td>
																	<td class='timestamp'>20:00:54</td>
																	<td class='step-details'><pre>org.openqa.selenium.NoSuchElementException: no such element: Unable to locate element: {"method":"xpath","selector":"(//a[@class='small-box-footer'])[10]"}
  (Session info: chrome=124.0.6367.210)
For documentation on this error, please visit: https://www.selenium.dev/documentation/webdriver/troubleshooting/errors#no-such-element-exception
Build info: version: '4.18.1', revision: 'b1d3319b48'
System info: os.name: 'Windows 11', os.arch: 'amd64', os.version: '10.0', java.version: '17.0.10'
Driver info: org.openqa.selenium.chrome.ChromeDriver
Command: [f41d37321e1264d25d9d08a5d81e7b3c, findElement {using=xpath, value=(//a[@class='small-box-footer'])[10]}]
Capabilities {acceptInsecureCerts: false, browserName: chrome, browserVersion: 124.0.6367.210, chrome: {chromedriverVersion: 124.0.6367.207 (a9001a6e39f..., userDataDir: C:\Users\SUSMITHA\AppData\L...}, fedcm:accounts: true, goog:chromeOptions: {debuggerAddress: localhost:56626}, networkConnectionEnabled: false, pageLoadStrategy: normal, platformName: windows, proxy: Proxy(), se:cdp: ws://localhost:56626/devtoo..., se:cdpVersion: 124.0.6367.210, setWindowRect: true, strictFileInteractability: false, timeouts: {implicit: 0, pageLoad: 300000, script: 30000}, unhandledPromptBehavior: dismiss and notify, webauthn:extension:credBlob: true, webauthn:extension:largeBlob: true, webauthn:extension:minPinLength: true, webauthn:extension:prf: true, webauthn:virtualAuthenticators: true}
Session ID: f41d37321e1264d25d9d08a5d81e7b3c
	at java.base/jdk.internal.reflect.NativeConstructorAccessorImpl.newInstance0(Native Method)
	at java.base/jdk.internal.reflect.NativeConstructorAccessorImpl.newInstance(NativeConstructorAccessorImpl.java:77)
	at java.base/jdk.internal.reflect.DelegatingConstructorAccessorImpl.newInstance(DelegatingConstructorAccessorImpl.java:45)
	at java.base/java.lang.reflect.Constructor.newInstanceWithCaller(Constructor.java:499)
	at java.base/java.lang.reflect.Constructor.newInstance(Constructor.java:480)
	at org.openqa.selenium.remote.ErrorCodec.decode(ErrorCodec.java:167)
	at org.openqa.selenium.remote.codec.w3c.W3CHttpResponseCodec.decode(W3CHttpResponseCodec.java:138)
	at org.openqa.selenium.remote.codec.w3c.W3CHttpResponseCodec.decode(W3CHttpResponseCodec.java:50)
	at org.openqa.selenium.remote.HttpCommandExecutor.execute(HttpCommandExecutor.java:190)
	at org.openqa.selenium.remote.service.DriverCommandExecutor.invokeExecute(DriverCommandExecutor.java:216)
	at org.openqa.selenium.remote.service.DriverCommandExecutor.execute(DriverCommandExecutor.java:174)
	at org.openqa.selenium.remote.RemoteWebDriver.execute(RemoteWebDriver.java:519)
	at org.openqa.selenium.remote.ElementLocation$ElementFinder$2.findElement(ElementLocation.java:165)
	at org.openqa.selenium.remote.ElementLocation.findElement(ElementLocation.java:59)
	at org.openqa.selenium.remote.RemoteWebDriver.findElement(RemoteWebDriver.java:356)
	at org.openqa.selenium.remote.RemoteWebDriver.findElement(RemoteWebDriver.java:350)
	at org.openqa.selenium.support.pagefactory.DefaultElementLocator.findElement(DefaultElementLocator.java:68)
	at org.openqa.selenium.support.pagefactory.internal.LocatingElementHandler.invoke(LocatingElementHandler.java:38)
	at jdk.proxy2/jdk.proxy2.$Proxy10.click(Unknown Source)
	at com.sevenrmartsupermarket.pages.HomePage.clickOnManageOrders(HomePage.java:72)
	at com.sevenrmartsupermarket.tests.ManageOrdersTest.searchDetailsOfOrder(ManageOrdersTest.java:26)
	at java.base/jdk.internal.reflect.NativeMethodAccessorImpl.invoke0(Native Method)
	at java.base/jdk.internal.reflect.NativeMethodAccessorImpl.invoke(NativeMethodAccessorImpl.java:77)
	at java.base/jdk.internal.reflect.DelegatingMethodAccessorImpl.invoke(DelegatingMethodAccessorImpl.java:43)
	at java.base/java.lang.reflect.Method.invoke(Method.java:568)
	at org.testng.internal.invokers.MethodInvocationHelper.invokeMethod(MethodInvocationHelper.java:139)
	at org.testng.internal.invokers.TestInvoker.invokeMethod(TestInvoker.java:664)
	at org.testng.internal.invokers.TestInvoker.invokeTestMethod(TestInvoker.java:227)
	at org.testng.internal.invokers.MethodRunner.runInSequence(MethodRunner.java:50)
	at org.testng.internal.invokers.TestInvoker$MethodInvocationAgent.invoke(TestInvoker.java:957)
	at org.testng.internal.invokers.TestInvoker.invokeTestMethods(TestInvoker.java:200)
	at org.testng.internal.invokers.TestMethodWorker.invokeTestMethods(TestMethodWorker.java:148)
	at org.testng.internal.invokers.TestMethodWorker.run(TestMethodWorker.java:128)
	at java.base/java.util.ArrayList.forEach(ArrayList.java:1511)
	at org.testng.TestRunner.privateRun(TestRunner.java:848)
	at org.testng.TestRunner.run(TestRunner.java:621)
	at org.testng.SuiteRunner.runTest(SuiteRunner.java:443)
	at org.testng.SuiteRunner$SuiteWorker.run(SuiteRunner.java:481)
	at org.testng.internal.thread.ThreadUtil.lambda$execute$0(ThreadUtil.java:58)
	at java.base/java.util.concurrent.FutureTask.run(FutureTask.java:264)
	at java.base/java.util.concurrent.ThreadPoolExecutor.runWorker(ThreadPoolExecutor.java:1136)
	at java.base/java.util.concurrent.ThreadPoolExecutor$Worker.run(ThreadPoolExecutor.java:635)
	at java.base/java.lang.Thread.run(Thread.java:842)
</pre></td>
																</tr>
														</tbody>
													</table>
													<ul class='collapsible node-list' data-collapsible='accordion'>
													</ul>
												</div>
											</div>
										</li>
										<li class='collection-item test displayed active fail ' extentid='8df4f311-5244-4784-88d9-13d49ad7f219'>
											<div class='test-head'>
												<span class='test-name'>searchDetailsOfOrder </span>
												<span class='test-status label right outline capitalize fail'>fail</span>
												<span class='category-assigned hide '></span>
											</div>
											<div class='test-body'>
												<div class='test-info'>
													<span title='Test started time' alt='Test started time' class='test-started-time label green lighten-1 text-white'>2024-05-22 20:00:22</span>
													<span title='Test ended time' alt='Test ended time' class='test-ended-time label red lighten-1 text-white'>2024-05-22 20:00:34</span>
													<span title='Time taken to finish' alt='Time taken to finish' class='test-time-taken label blue-grey lighten-3 text-white'>0h 0m 12s+741ms</span>
												</div>
												<div class='test-desc'></div>
												<div class='test-attributes'>
												</div>
												<div class='test-steps'>
													<table class='bordered table-results'>
														<thead>
															<tr>
																<th>Status</th>
																<th>Timestamp</th>
																<th>Details</th>
															</tr>
														</thead>
														<tbody>
																<tr>
																	<td class='status fail' title='fail' alt='fail'><i class='mdi-navigation-cancel'></i></td>
																	<td class='timestamp'>20:00:34</td>
																	<td class='step-details'><pre>org.openqa.selenium.NoSuchElementException: no such element: Unable to locate element: {"method":"xpath","selector":"(//a[@class='small-box-footer'])[10]"}
  (Session info: chrome=124.0.6367.210)
For documentation on this error, please visit: https://www.selenium.dev/documentation/webdriver/troubleshooting/errors#no-such-element-exception
Build info: version: '4.18.1', revision: 'b1d3319b48'
System info: os.name: 'Windows 11', os.arch: 'amd64', os.version: '10.0', java.version: '17.0.10'
Driver info: org.openqa.selenium.chrome.ChromeDriver
Command: [c9bcbfc0ebf2b5593bdcd5faf0095bb5, findElement {using=xpath, value=(//a[@class='small-box-footer'])[10]}]
Capabilities {acceptInsecureCerts: false, browserName: chrome, browserVersion: 124.0.6367.210, chrome: {chromedriverVersion: 124.0.6367.207 (a9001a6e39f..., userDataDir: C:\Users\SUSMITHA\AppData\L...}, fedcm:accounts: true, goog:chromeOptions: {debuggerAddress: localhost:56566}, networkConnectionEnabled: false, pageLoadStrategy: normal, platformName: windows, proxy: Proxy(), se:cdp: ws://localhost:56566/devtoo..., se:cdpVersion: 124.0.6367.210, setWindowRect: true, strictFileInteractability: false, timeouts: {implicit: 0, pageLoad: 300000, script: 30000}, unhandledPromptBehavior: dismiss and notify, webauthn:extension:credBlob: true, webauthn:extension:largeBlob: true, webauthn:extension:minPinLength: true, webauthn:extension:prf: true, webauthn:virtualAuthenticators: true}
Session ID: c9bcbfc0ebf2b5593bdcd5faf0095bb5
	at java.base/jdk.internal.reflect.NativeConstructorAccessorImpl.newInstance0(Native Method)
	at java.base/jdk.internal.reflect.NativeConstructorAccessorImpl.newInstance(NativeConstructorAccessorImpl.java:77)
	at java.base/jdk.internal.reflect.DelegatingConstructorAccessorImpl.newInstance(DelegatingConstructorAccessorImpl.java:45)
	at java.base/java.lang.reflect.Constructor.newInstanceWithCaller(Constructor.java:499)
	at java.base/java.lang.reflect.Constructor.newInstance(Constructor.java:480)
	at org.openqa.selenium.remote.ErrorCodec.decode(ErrorCodec.java:167)
	at org.openqa.selenium.remote.codec.w3c.W3CHttpResponseCodec.decode(W3CHttpResponseCodec.java:138)
	at org.openqa.selenium.remote.codec.w3c.W3CHttpResponseCodec.decode(W3CHttpResponseCodec.java:50)
	at org.openqa.selenium.remote.HttpCommandExecutor.execute(HttpCommandExecutor.java:190)
	at org.openqa.selenium.remote.service.DriverCommandExecutor.invokeExecute(DriverCommandExecutor.java:216)
	at org.openqa.selenium.remote.service.DriverCommandExecutor.execute(DriverCommandExecutor.java:174)
	at org.openqa.selenium.remote.RemoteWebDriver.execute(RemoteWebDriver.java:519)
	at org.openqa.selenium.remote.ElementLocation$ElementFinder$2.findElement(ElementLocation.java:165)
	at org.openqa.selenium.remote.ElementLocation.findElement(ElementLocation.java:59)
	at org.openqa.selenium.remote.RemoteWebDriver.findElement(RemoteWebDriver.java:356)
	at org.openqa.selenium.remote.RemoteWebDriver.findElement(RemoteWebDriver.java:350)
	at org.openqa.selenium.support.pagefactory.DefaultElementLocator.findElement(DefaultElementLocator.java:68)
	at org.openqa.selenium.support.pagefactory.internal.LocatingElementHandler.invoke(LocatingElementHandler.java:38)
	at jdk.proxy2/jdk.proxy2.$Proxy10.click(Unknown Source)
	at com.sevenrmartsupermarket.pages.HomePage.clickOnManageOrders(HomePage.java:72)
	at com.sevenrmartsupermarket.tests.ManageOrdersTest.searchDetailsOfOrder(ManageOrdersTest.java:26)
	at java.base/jdk.internal.reflect.NativeMethodAccessorImpl.invoke0(Native Method)
	at java.base/jdk.internal.reflect.NativeMethodAccessorImpl.invoke(NativeMethodAccessorImpl.java:77)
	at java.base/jdk.internal.reflect.DelegatingMethodAccessorImpl.invoke(DelegatingMethodAccessorImpl.java:43)
	at java.base/java.lang.reflect.Method.invoke(Method.java:568)
	at org.testng.internal.invokers.MethodInvocationHelper.invokeMethod(MethodInvocationHelper.java:139)
	at org.testng.internal.invokers.TestInvoker.invokeMethod(TestInvoker.java:664)
	at org.testng.internal.invokers.TestInvoker.invokeTestMethod(TestInvoker.java:227)
	at org.testng.internal.invokers.MethodRunner.runInSequence(MethodRunner.java:50)
	at org.testng.internal.invokers.TestInvoker$MethodInvocationAgent.invoke(TestInvoker.java:957)
	at org.testng.internal.invokers.TestInvoker.invokeTestMethods(TestInvoker.java:200)
	at org.testng.internal.invokers.TestMethodWorker.invokeTestMethods(TestMethodWorker.java:148)
	at org.testng.internal.invokers.TestMethodWorker.run(TestMethodWorker.java:128)
	at java.base/java.util.ArrayList.forEach(ArrayList.java:1511)
	at org.testng.TestRunner.privateRun(TestRunner.java:848)
	at org.testng.TestRunner.run(TestRunner.java:621)
	at org.testng.SuiteRunner.runTest(SuiteRunner.java:443)
	at org.testng.SuiteRunner$SuiteWorker.run(SuiteRunner.java:481)
	at org.testng.internal.thread.ThreadUtil.lambda$execute$0(ThreadUtil.java:58)
	at java.base/java.util.concurrent.FutureTask.run(FutureTask.java:264)
	at java.base/java.util.concurrent.ThreadPoolExecutor.runWorker(ThreadPoolExecutor.java:1136)
	at java.base/java.util.concurrent.ThreadPoolExecutor$Worker.run(ThreadPoolExecutor.java:635)
	at java.base/java.lang.Thread.run(Thread.java:842)
</pre></td>
																</tr>
														</tbody>
													</table>
													<ul class='collapsible node-list' data-collapsible='accordion'>
													</ul>
												</div>
											</div>
										</li>
										<li class='collection-item test displayed active fail ' extentid='4dd433e8-ffaf-4f86-ae3b-ce6087776ddd'>
											<div class='test-head'>
												<span class='test-name'>searchDetailsOfOrder </span>
												<span class='test-status label right outline capitalize fail'>fail</span>
												<span class='category-assigned hide '></span>
											</div>
											<div class='test-body'>
												<div class='test-info'>
													<span title='Test started time' alt='Test started time' class='test-started-time label green lighten-1 text-white'>2024-05-22 20:00:02</span>
													<span title='Test ended time' alt='Test ended time' class='test-ended-time label red lighten-1 text-white'>2024-05-22 20:00:14</span>
													<span title='Time taken to finish' alt='Time taken to finish' class='test-time-taken label blue-grey lighten-3 text-white'>0h 0m 11s+963ms</span>
												</div>
												<div class='test-desc'></div>
												<div class='test-attributes'>
												</div>
												<div class='test-steps'>
													<table class='bordered table-results'>
														<thead>
															<tr>
																<th>Status</th>
																<th>Timestamp</th>
																<th>Details</th>
															</tr>
														</thead>
														<tbody>
																<tr>
																	<td class='status fail' title='fail' alt='fail'><i class='mdi-navigation-cancel'></i></td>
																	<td class='timestamp'>20:00:14</td>
																	<td class='step-details'><pre>org.openqa.selenium.NoSuchElementException: no such element: Unable to locate element: {"method":"xpath","selector":"(//a[@class='small-box-footer'])[10]"}
  (Session info: chrome=124.0.6367.210)
For documentation on this error, please visit: https://www.selenium.dev/documentation/webdriver/troubleshooting/errors#no-such-element-exception
Build info: version: '4.18.1', revision: 'b1d3319b48'
System info: os.name: 'Windows 11', os.arch: 'amd64', os.version: '10.0', java.version: '17.0.10'
Driver info: org.openqa.selenium.chrome.ChromeDriver
Command: [270a3372f1c9e50a847d8b51f4ce33f0, findElement {using=xpath, value=(//a[@class='small-box-footer'])[10]}]
Capabilities {acceptInsecureCerts: false, browserName: chrome, browserVersion: 124.0.6367.210, chrome: {chromedriverVersion: 124.0.6367.207 (a9001a6e39f..., userDataDir: C:\Users\SUSMITHA\AppData\L...}, fedcm:accounts: true, goog:chromeOptions: {debuggerAddress: localhost:56478}, networkConnectionEnabled: false, pageLoadStrategy: normal, platformName: windows, proxy: Proxy(), se:cdp: ws://localhost:56478/devtoo..., se:cdpVersion: 124.0.6367.210, setWindowRect: true, strictFileInteractability: false, timeouts: {implicit: 0, pageLoad: 300000, script: 30000}, unhandledPromptBehavior: dismiss and notify, webauthn:extension:credBlob: true, webauthn:extension:largeBlob: true, webauthn:extension:minPinLength: true, webauthn:extension:prf: true, webauthn:virtualAuthenticators: true}
Session ID: 270a3372f1c9e50a847d8b51f4ce33f0
	at java.base/jdk.internal.reflect.NativeConstructorAccessorImpl.newInstance0(Native Method)
	at java.base/jdk.internal.reflect.NativeConstructorAccessorImpl.newInstance(NativeConstructorAccessorImpl.java:77)
	at java.base/jdk.internal.reflect.DelegatingConstructorAccessorImpl.newInstance(DelegatingConstructorAccessorImpl.java:45)
	at java.base/java.lang.reflect.Constructor.newInstanceWithCaller(Constructor.java:499)
	at java.base/java.lang.reflect.Constructor.newInstance(Constructor.java:480)
	at org.openqa.selenium.remote.ErrorCodec.decode(ErrorCodec.java:167)
	at org.openqa.selenium.remote.codec.w3c.W3CHttpResponseCodec.decode(W3CHttpResponseCodec.java:138)
	at org.openqa.selenium.remote.codec.w3c.W3CHttpResponseCodec.decode(W3CHttpResponseCodec.java:50)
	at org.openqa.selenium.remote.HttpCommandExecutor.execute(HttpCommandExecutor.java:190)
	at org.openqa.selenium.remote.service.DriverCommandExecutor.invokeExecute(DriverCommandExecutor.java:216)
	at org.openqa.selenium.remote.service.DriverCommandExecutor.execute(DriverCommandExecutor.java:174)
	at org.openqa.selenium.remote.RemoteWebDriver.execute(RemoteWebDriver.java:519)
	at org.openqa.selenium.remote.ElementLocation$ElementFinder$2.findElement(ElementLocation.java:165)
	at org.openqa.selenium.remote.ElementLocation.findElement(ElementLocation.java:59)
	at org.openqa.selenium.remote.RemoteWebDriver.findElement(RemoteWebDriver.java:356)
	at org.openqa.selenium.remote.RemoteWebDriver.findElement(RemoteWebDriver.java:350)
	at org.openqa.selenium.support.pagefactory.DefaultElementLocator.findElement(DefaultElementLocator.java:68)
	at org.openqa.selenium.support.pagefactory.internal.LocatingElementHandler.invoke(LocatingElementHandler.java:38)
	at jdk.proxy2/jdk.proxy2.$Proxy10.click(Unknown Source)
	at com.sevenrmartsupermarket.pages.HomePage.clickOnManageOrders(HomePage.java:72)
	at com.sevenrmartsupermarket.tests.ManageOrdersTest.searchDetailsOfOrder(ManageOrdersTest.java:26)
	at java.base/jdk.internal.reflect.NativeMethodAccessorImpl.invoke0(Native Method)
	at java.base/jdk.internal.reflect.NativeMethodAccessorImpl.invoke(NativeMethodAccessorImpl.java:77)
	at java.base/jdk.internal.reflect.DelegatingMethodAccessorImpl.invoke(DelegatingMethodAccessorImpl.java:43)
	at java.base/java.lang.reflect.Method.invoke(Method.java:568)
	at org.testng.internal.invokers.MethodInvocationHelper.invokeMethod(MethodInvocationHelper.java:139)
	at org.testng.internal.invokers.TestInvoker.invokeMethod(TestInvoker.java:664)
	at org.testng.internal.invokers.TestInvoker.invokeTestMethod(TestInvoker.java:227)
	at org.testng.internal.invokers.MethodRunner.runInSequence(MethodRunner.java:50)
	at org.testng.internal.invokers.TestInvoker$MethodInvocationAgent.invoke(TestInvoker.java:957)
	at org.testng.internal.invokers.TestInvoker.invokeTestMethods(TestInvoker.java:200)
	at org.testng.internal.invokers.TestMethodWorker.invokeTestMethods(TestMethodWorker.java:148)
	at org.testng.internal.invokers.TestMethodWorker.run(TestMethodWorker.java:128)
	at java.base/java.util.ArrayList.forEach(ArrayList.java:1511)
	at org.testng.TestRunner.privateRun(TestRunner.java:848)
	at org.testng.TestRunner.run(TestRunner.java:621)
	at org.testng.SuiteRunner.runTest(SuiteRunner.java:443)
	at org.testng.SuiteRunner$SuiteWorker.run(SuiteRunner.java:481)
	at org.testng.internal.thread.ThreadUtil.lambda$execute$0(ThreadUtil.java:58)
	at java.base/java.util.concurrent.FutureTask.run(FutureTask.java:264)
	at java.base/java.util.concurrent.ThreadPoolExecutor.runWorker(ThreadPoolExecutor.java:1136)
	at java.base/java.util.concurrent.ThreadPoolExecutor$Worker.run(ThreadPoolExecutor.java:635)
	at java.base/java.lang.Thread.run(Thread.java:842)
</pre></td>
																</tr>
														</tbody>
													</table>
													<ul class='collapsible node-list' data-collapsible='accordion'>
													</ul>
												</div>
											</div>
										</li>
										<li class='collection-item test displayed active pass ' extentid='59a0827e-7e5b-4943-91f6-a02441fa666b'>
											<div class='test-head'>
												<span class='test-name'>verifyLogin </span>
												<span class='test-status label right outline capitalize pass'>pass</span>
												<span class='category-assigned hide '></span>
											</div>
											<div class='test-body'>
												<div class='test-info'>
													<span title='Test started time' alt='Test started time' class='test-started-time label green lighten-1 text-white'>2024-05-22 19:57:38</span>
													<span title='Test ended time' alt='Test ended time' class='test-ended-time label red lighten-1 text-white'>2024-05-22 19:57:39</span>
													<span title='Time taken to finish' alt='Time taken to finish' class='test-time-taken label blue-grey lighten-3 text-white'>0h 0m 0s+928ms</span>
												</div>
												<div class='test-desc'></div>
												<div class='test-attributes'>
												</div>
												<div class='test-steps'>
													<table class='bordered table-results'>
														<thead>
															<tr>
																<th>Status</th>
																<th>Timestamp</th>
																<th>Details</th>
															</tr>
														</thead>
														<tbody>
																<tr>
																	<td class='status pass' title='pass' alt='pass'><i class='mdi-action-check-circle'></i></td>
																	<td class='timestamp'>19:57:39</td>
																	<td class='step-details'>Test passed</td>
																</tr>
														</tbody>
													</table>
													<ul class='collapsible node-list' data-collapsible='accordion'>
													</ul>
												</div>
											</div>
										</li>
										<li class='collection-item test displayed active pass ' extentid='23782118-33cb-4ce3-a2cd-af061724155c'>
											<div class='test-head'>
												<span class='test-name'>verifyUseridText </span>
												<span class='test-status label right outline capitalize pass'>pass</span>
												<span class='category-assigned hide  smoke'></span>
											</div>
											<div class='test-body'>
												<div class='test-info'>
													<span title='Test started time' alt='Test started time' class='test-started-time label green lighten-1 text-white'>2024-05-22 19:58:32</span>
													<span title='Test ended time' alt='Test ended time' class='test-ended-time label red lighten-1 text-white'>2024-05-22 19:58:32</span>
													<span title='Time taken to finish' alt='Time taken to finish' class='test-time-taken label blue-grey lighten-3 text-white'>0h 0m 0s+114ms</span>
												</div>
												<div class='test-desc'></div>
												<div class='test-attributes'>
														<div class='categories'>
																<span class='category text-white'>smoke</span>
														</div>
												</div>
												<div class='test-steps'>
													<table class='bordered table-results'>
														<thead>
															<tr>
																<th>Status</th>
																<th>Timestamp</th>
																<th>Details</th>
															</tr>
														</thead>
														<tbody>
																<tr>
																	<td class='status pass' title='pass' alt='pass'><i class='mdi-action-check-circle'></i></td>
																	<td class='timestamp'>19:58:32</td>
																	<td class='step-details'>Test passed</td>
																</tr>
														</tbody>
													</table>
													<ul class='collapsible node-list' data-collapsible='accordion'>
													</ul>
												</div>
											</div>
										</li>
										<li class='collection-item test displayed active pass ' extentid='4051b30e-8387-4a21-8b96-6030d2e94269'>
											<div class='test-head'>
												<span class='test-name'>verifyLoginUsingDataProvider </span>
												<span class='test-status label right outline capitalize pass'>pass</span>
												<span class='category-assigned hide  smoke'></span>
											</div>
											<div class='test-body'>
												<div class='test-info'>
													<span title='Test started time' alt='Test started time' class='test-started-time label green lighten-1 text-white'>2024-05-22 19:58:03</span>
													<span title='Test ended time' alt='Test ended time' class='test-ended-time label red lighten-1 text-white'>2024-05-22 19:58:06</span>
													<span title='Time taken to finish' alt='Time taken to finish' class='test-time-taken label blue-grey lighten-3 text-white'>0h 0m 3s+551ms</span>
												</div>
												<div class='test-desc'></div>
												<div class='test-attributes'>
														<div class='categories'>
																<span class='category text-white'>smoke</span>
														</div>
												</div>
												<div class='test-steps'>
													<table class='bordered table-results'>
														<thead>
															<tr>
																<th>Status</th>
																<th>Timestamp</th>
																<th>Details</th>
															</tr>
														</thead>
														<tbody>
																<tr>
																	<td class='status pass' title='pass' alt='pass'><i class='mdi-action-check-circle'></i></td>
																	<td class='timestamp'>19:58:06</td>
																	<td class='step-details'>Test passed</td>
																</tr>
														</tbody>
													</table>
													<ul class='collapsible node-list' data-collapsible='accordion'>
													</ul>
												</div>
											</div>
										</li>
										<li class='collection-item test displayed active pass ' extentid='f82d7cac-bd56-487f-887f-64105806ef5c'>
											<div class='test-head'>
												<span class='test-name'>verifyNewlyCreatedUserLogin </span>
												<span class='test-status label right outline capitalize pass'>pass</span>
												<span class='category-assigned hide  smoke'></span>
											</div>
											<div class='test-body'>
												<div class='test-info'>
													<span title='Test started time' alt='Test started time' class='test-started-time label green lighten-1 text-white'>2024-05-22 19:58:19</span>
													<span title='Test ended time' alt='Test ended time' class='test-ended-time label red lighten-1 text-white'>2024-05-22 19:58:21</span>
													<span title='Time taken to finish' alt='Time taken to finish' class='test-time-taken label blue-grey lighten-3 text-white'>0h 0m 1s+984ms</span>
												</div>
												<div class='test-desc'></div>
												<div class='test-attributes'>
														<div class='categories'>
																<span class='category text-white'>smoke</span>
														</div>
												</div>
												<div class='test-steps'>
													<table class='bordered table-results'>
														<thead>
															<tr>
																<th>Status</th>
																<th>Timestamp</th>
																<th>Details</th>
															</tr>
														</thead>
														<tbody>
																<tr>
																	<td class='status pass' title='pass' alt='pass'><i class='mdi-action-check-circle'></i></td>
																	<td class='timestamp'>19:58:21</td>
																	<td class='step-details'>Test passed</td>
																</tr>
														</tbody>
													</table>
													<ul class='collapsible node-list' data-collapsible='accordion'>
													</ul>
												</div>
											</div>
										</li>
										<li class='collection-item test displayed active pass ' extentid='35f118e7-1d74-4865-a297-be56b4209841'>
											<div class='test-head'>
												<span class='test-name'>verifyLoginUsingDataProvider </span>
												<span class='test-status label right outline capitalize pass'>pass</span>
												<span class='category-assigned hide  smoke'></span>
											</div>
											<div class='test-body'>
												<div class='test-info'>
													<span title='Test started time' alt='Test started time' class='test-started-time label green lighten-1 text-white'>2024-05-22 19:57:45</span>
													<span title='Test ended time' alt='Test ended time' class='test-ended-time label red lighten-1 text-white'>2024-05-22 19:57:48</span>
													<span title='Time taken to finish' alt='Time taken to finish' class='test-time-taken label blue-grey lighten-3 text-white'>0h 0m 3s+278ms</span>
												</div>
												<div class='test-desc'></div>
												<div class='test-attributes'>
														<div class='categories'>
																<span class='category text-white'>smoke</span>
														</div>
												</div>
												<div class='test-steps'>
													<table class='bordered table-results'>
														<thead>
															<tr>
																<th>Status</th>
																<th>Timestamp</th>
																<th>Details</th>
															</tr>
														</thead>
														<tbody>
																<tr>
																	<td class='status pass' title='pass' alt='pass'><i class='mdi-action-check-circle'></i></td>
																	<td class='timestamp'>19:57:48</td>
																	<td class='step-details'>Test passed</td>
																</tr>
														</tbody>
													</table>
													<ul class='collapsible node-list' data-collapsible='accordion'>
													</ul>
												</div>
											</div>
										</li>
										<li class='collection-item test displayed active pass ' extentid='eeb068df-6a30-4df1-9b42-9ad0f070401f'>
											<div class='test-head'>
												<span class='test-name'>verifyLogoText </span>
												<span class='test-status label right outline capitalize pass'>pass</span>
												<span class='category-assigned hide  sanity'></span>
											</div>
											<div class='test-body'>
												<div class='test-info'>
													<span title='Test started time' alt='Test started time' class='test-started-time label green lighten-1 text-white'>2024-05-22 19:58:11</span>
													<span title='Test ended time' alt='Test ended time' class='test-ended-time label red lighten-1 text-white'>2024-05-22 19:58:12</span>
													<span title='Time taken to finish' alt='Time taken to finish' class='test-time-taken label blue-grey lighten-3 text-white'>0h 0m 0s+456ms</span>
												</div>
												<div class='test-desc'></div>
												<div class='test-attributes'>
														<div class='categories'>
																<span class='category text-white'>sanity</span>
														</div>
												</div>
												<div class='test-steps'>
													<table class='bordered table-results'>
														<thead>
															<tr>
																<th>Status</th>
																<th>Timestamp</th>
																<th>Details</th>
															</tr>
														</thead>
														<tbody>
																<tr>
																	<td class='status pass' title='pass' alt='pass'><i class='mdi-action-check-circle'></i></td>
																	<td class='timestamp'>19:58:12</td>
																	<td class='step-details'>Test passed</td>
																</tr>
														</tbody>
													</table>
													<ul class='collapsible node-list' data-collapsible='accordion'>
													</ul>
												</div>
											</div>
										</li>
										<li class='collection-item test displayed active pass ' extentid='145f58b0-990e-49ac-8e28-9d9dad6d4110'>
											<div class='test-head'>
												<span class='test-name'>verifyRemembermeText </span>
												<span class='test-status label right outline capitalize pass'>pass</span>
												<span class='category-assigned hide  smoke'></span>
											</div>
											<div class='test-body'>
												<div class='test-info'>
													<span title='Test started time' alt='Test started time' class='test-started-time label green lighten-1 text-white'>2024-05-22 19:58:27</span>
													<span title='Test ended time' alt='Test ended time' class='test-ended-time label red lighten-1 text-white'>2024-05-22 19:58:27</span>
													<span title='Time taken to finish' alt='Time taken to finish' class='test-time-taken label blue-grey lighten-3 text-white'>0h 0m 0s+92ms</span>
												</div>
												<div class='test-desc'></div>
												<div class='test-attributes'>
														<div class='categories'>
																<span class='category text-white'>smoke</span>
														</div>
												</div>
												<div class='test-steps'>
													<table class='bordered table-results'>
														<thead>
															<tr>
																<th>Status</th>
																<th>Timestamp</th>
																<th>Details</th>
															</tr>
														</thead>
														<tbody>
																<tr>
																	<td class='status pass' title='pass' alt='pass'><i class='mdi-action-check-circle'></i></td>
																	<td class='timestamp'>19:58:27</td>
																	<td class='step-details'>Test passed</td>
																</tr>
														</tbody>
													</table>
													<ul class='collapsible node-list' data-collapsible='accordion'>
													</ul>
												</div>
											</div>
										</li>
										<li class='collection-item test displayed active pass ' extentid='2b884801-f506-4d39-9ced-4698cb14ffbe'>
											<div class='test-head'>
												<span class='test-name'>verifyLoginUsingDataProvider </span>
												<span class='test-status label right outline capitalize pass'>pass</span>
												<span class='category-assigned hide  smoke'></span>
											</div>
											<div class='test-body'>
												<div class='test-info'>
													<span title='Test started time' alt='Test started time' class='test-started-time label green lighten-1 text-white'>2024-05-22 19:57:53</span>
													<span title='Test ended time' alt='Test ended time' class='test-ended-time label red lighten-1 text-white'>2024-05-22 19:57:56</span>
													<span title='Time taken to finish' alt='Time taken to finish' class='test-time-taken label blue-grey lighten-3 text-white'>0h 0m 2s+870ms</span>
												</div>
												<div class='test-desc'></div>
												<div class='test-attributes'>
														<div class='categories'>
																<span class='category text-white'>smoke</span>
														</div>
												</div>
												<div class='test-steps'>
													<table class='bordered table-results'>
														<thead>
															<tr>
																<th>Status</th>
																<th>Timestamp</th>
																<th>Details</th>
															</tr>
														</thead>
														<tbody>
																<tr>
																	<td class='status pass' title='pass' alt='pass'><i class='mdi-action-check-circle'></i></td>
																	<td class='timestamp'>19:57:56</td>
																	<td class='step-details'>Test passed</td>
																</tr>
														</tbody>
													</table>
													<ul class='collapsible node-list' data-collapsible='accordion'>
													</ul>
												</div>
											</div>
										</li>
										<li class='collection-item test displayed active pass ' extentid='5f6ea81d-f71d-46bd-a948-46c1061a471d'>
											<div class='test-head'>
												<span class='test-name'>verifyInvalidUserLogin </span>
												<span class='test-status label right outline capitalize pass'>pass</span>
												<span class='category-assigned hide  sanity'></span>
											</div>
											<div class='test-body'>
												<div class='test-info'>
													<span title='Test started time' alt='Test started time' class='test-started-time label green lighten-1 text-white'>2024-05-22 19:57:32</span>
													<span title='Test ended time' alt='Test ended time' class='test-ended-time label red lighten-1 text-white'>2024-05-22 19:57:34</span>
													<span title='Time taken to finish' alt='Time taken to finish' class='test-time-taken label blue-grey lighten-3 text-white'>0h 0m 1s+762ms</span>
												</div>
												<div class='test-desc'></div>
												<div class='test-attributes'>
														<div class='categories'>
																<span class='category text-white'>sanity</span>
														</div>
												</div>
												<div class='test-steps'>
													<table class='bordered table-results'>
														<thead>
															<tr>
																<th>Status</th>
																<th>Timestamp</th>
																<th>Details</th>
															</tr>
														</thead>
														<tbody>
																<tr>
																	<td class='status pass' title='pass' alt='pass'><i class='mdi-action-check-circle'></i></td>
																	<td class='timestamp'>19:57:34</td>
																	<td class='step-details'>Test passed</td>
																</tr>
														</tbody>
													</table>
													<ul class='collapsible node-list' data-collapsible='accordion'>
													</ul>
												</div>
											</div>
										</li>
										<li class='collection-item test displayed active pass ' extentid='58873f10-fb68-4611-9eeb-47369a4ac45a'>
											<div class='test-head'>
												<span class='test-name'>verifyValidUserLogin </span>
												<span class='test-status label right outline capitalize pass'>pass</span>
												<span class='category-assigned hide  sanity'></span>
											</div>
											<div class='test-body'>
												<div class='test-info'>
													<span title='Test started time' alt='Test started time' class='test-started-time label green lighten-1 text-white'>2024-05-22 19:58:37</span>
													<span title='Test ended time' alt='Test ended time' class='test-ended-time label red lighten-1 text-white'>2024-05-22 19:58:41</span>
													<span title='Time taken to finish' alt='Time taken to finish' class='test-time-taken label blue-grey lighten-3 text-white'>0h 0m 3s+462ms</span>
												</div>
												<div class='test-desc'></div>
												<div class='test-attributes'>
														<div class='categories'>
																<span class='category text-white'>sanity</span>
														</div>
												</div>
												<div class='test-steps'>
													<table class='bordered table-results'>
														<thead>
															<tr>
																<th>Status</th>
																<th>Timestamp</th>
																<th>Details</th>
															</tr>
														</thead>
														<tbody>
																<tr>
																	<td class='status pass' title='pass' alt='pass'><i class='mdi-action-check-circle'></i></td>
																	<td class='timestamp'>19:58:41</td>
																	<td class='step-details'>Test passed</td>
																</tr>
														</tbody>
													</table>
													<ul class='collapsible node-list' data-collapsible='accordion'>
													</ul>
												</div>
											</div>
										</li>
										<li class='collection-item test displayed active pass ' extentid='069339ab-9be0-432c-bfa2-21b74b8243b6'>
											<div class='test-head'>
												<span class='test-name'>verifyUsernameAlreadyExistAlertMessage </span>
												<span class='test-status label right outline capitalize pass'>pass</span>
												<span class='category-assigned hide  sanity'></span>
											</div>
											<div class='test-body'>
												<div class='test-info'>
													<span title='Test started time' alt='Test started time' class='test-started-time label green lighten-1 text-white'>2024-05-22 19:59:47</span>
													<span title='Test ended time' alt='Test ended time' class='test-ended-time label red lighten-1 text-white'>2024-05-22 19:59:53</span>
													<span title='Time taken to finish' alt='Time taken to finish' class='test-time-taken label blue-grey lighten-3 text-white'>0h 0m 6s+458ms</span>
												</div>
												<div class='test-desc'></div>
												<div class='test-attributes'>
														<div class='categories'>
																<span class='category text-white'>sanity</span>
														</div>
												</div>
												<div class='test-steps'>
													<table class='bordered table-results'>
														<thead>
															<tr>
																<th>Status</th>
																<th>Timestamp</th>
																<th>Details</th>
															</tr>
														</thead>
														<tbody>
																<tr>
																	<td class='status pass' title='pass' alt='pass'><i class='mdi-action-check-circle'></i></td>
																	<td class='timestamp'>19:59:53</td>
																	<td class='step-details'>Test passed</td>
																</tr>
														</tbody>
													</table>
													<ul class='collapsible node-list' data-collapsible='accordion'>
													</ul>
												</div>
											</div>
										</li>
										<li class='collection-item test displayed active pass ' extentid='4d6ac65a-f14b-4402-a7f4-962db8fb8edb'>
											<div class='test-head'>
												<span class='test-name'>verifyNewlyCreatedAdminLogo </span>
												<span class='test-status label right outline capitalize pass'>pass</span>
												<span class='category-assigned hide  sanity'></span>
											</div>
											<div class='test-body'>
												<div class='test-info'>
													<span title='Test started time' alt='Test started time' class='test-started-time label green lighten-1 text-white'>2024-05-22 19:58:02</span>
													<span title='Test ended time' alt='Test ended time' class='test-ended-time label red lighten-1 text-white'>2024-05-22 19:58:12</span>
													<span title='Time taken to finish' alt='Time taken to finish' class='test-time-taken label blue-grey lighten-3 text-white'>0h 0m 9s+540ms</span>
												</div>
												<div class='test-desc'></div>
												<div class='test-attributes'>
														<div class='categories'>
																<span class='category text-white'>sanity</span>
														</div>
												</div>
												<div class='test-steps'>
													<table class='bordered table-results'>
														<thead>
															<tr>
																<th>Status</th>
																<th>Timestamp</th>
																<th>Details</th>
															</tr>
														</thead>
														<tbody>
																<tr>
																	<td class='status pass' title='pass' alt='pass'><i class='mdi-action-check-circle'></i></td>
																	<td class='timestamp'>19:58:12</td>
																	<td class='step-details'>Test passed</td>
																</tr>
														</tbody>
													</table>
													<ul class='collapsible node-list' data-collapsible='accordion'>
													</ul>
												</div>
											</div>
										</li>
										<li class='collection-item test displayed active fail ' extentid='c656bdb5-fef9-4917-8172-ed5dabc3566e'>
											<div class='test-head'>
												<span class='test-name'>verifyUserDeactivation </span>
												<span class='test-status label right outline capitalize fail'>fail</span>
												<span class='category-assigned hide '></span>
											</div>
											<div class='test-body'>
												<div class='test-info'>
													<span title='Test started time' alt='Test started time' class='test-started-time label green lighten-1 text-white'>2024-05-22 19:58:19</span>
													<span title='Test ended time' alt='Test ended time' class='test-ended-time label red lighten-1 text-white'>2024-05-22 19:58:36</span>
													<span title='Time taken to finish' alt='Time taken to finish' class='test-time-taken label blue-grey lighten-3 text-white'>0h 0m 17s+282ms</span>
												</div>
												<div class='test-desc'></div>
												<div class='test-attributes'>
												</div>
												<div class='test-steps'>
													<table class='bordered table-results'>
														<thead>
															<tr>
																<th>Status</th>
																<th>Timestamp</th>
																<th>Details</th>
															</tr>
														</thead>
														<tbody>
																<tr>
																	<td class='status fail' title='fail' alt='fail'><i class='mdi-navigation-cancel'></i></td>
																	<td class='timestamp'>19:58:36</td>
																	<td class='step-details'><pre>org.openqa.selenium.NoSuchElementException: no such element: Unable to locate element: {"method":"xpath","selector":"//table//tr[40]//td[5]//a[1]"}
  (Session info: chrome=124.0.6367.210)
For documentation on this error, please visit: https://www.selenium.dev/documentation/webdriver/troubleshooting/errors#no-such-element-exception
Build info: version: '4.18.1', revision: 'b1d3319b48'
System info: os.name: 'Windows 11', os.arch: 'amd64', os.version: '10.0', java.version: '17.0.10'
Driver info: org.openqa.selenium.chrome.ChromeDriver
Command: [075d65a1cbeef9a1ee9f290058c65671, findElement {using=xpath, value=//table//tr[40]//td[5]//a[1]}]
Capabilities {acceptInsecureCerts: false, browserName: chrome, browserVersion: 124.0.6367.210, chrome: {chromedriverVersion: 124.0.6367.207 (a9001a6e39f..., userDataDir: C:\Users\SUSMITHA\AppData\L...}, fedcm:accounts: true, goog:chromeOptions: {debuggerAddress: localhost:55975}, networkConnectionEnabled: false, pageLoadStrategy: normal, platformName: windows, proxy: Proxy(), se:cdp: ws://localhost:55975/devtoo..., se:cdpVersion: 124.0.6367.210, setWindowRect: true, strictFileInteractability: false, timeouts: {implicit: 0, pageLoad: 300000, script: 30000}, unhandledPromptBehavior: dismiss and notify, webauthn:extension:credBlob: true, webauthn:extension:largeBlob: true, webauthn:extension:minPinLength: true, webauthn:extension:prf: true, webauthn:virtualAuthenticators: true}
Session ID: 075d65a1cbeef9a1ee9f290058c65671
	at java.base/jdk.internal.reflect.NativeConstructorAccessorImpl.newInstance0(Native Method)
	at java.base/jdk.internal.reflect.NativeConstructorAccessorImpl.newInstance(NativeConstructorAccessorImpl.java:77)
	at java.base/jdk.internal.reflect.DelegatingConstructorAccessorImpl.newInstance(DelegatingConstructorAccessorImpl.java:45)
	at java.base/java.lang.reflect.Constructor.newInstanceWithCaller(Constructor.java:499)
	at java.base/java.lang.reflect.Constructor.newInstance(Constructor.java:480)
	at org.openqa.selenium.remote.ErrorCodec.decode(ErrorCodec.java:167)
	at org.openqa.selenium.remote.codec.w3c.W3CHttpResponseCodec.decode(W3CHttpResponseCodec.java:138)
	at org.openqa.selenium.remote.codec.w3c.W3CHttpResponseCodec.decode(W3CHttpResponseCodec.java:50)
	at org.openqa.selenium.remote.HttpCommandExecutor.execute(HttpCommandExecutor.java:190)
	at org.openqa.selenium.remote.service.DriverCommandExecutor.invokeExecute(DriverCommandExecutor.java:216)
	at org.openqa.selenium.remote.service.DriverCommandExecutor.execute(DriverCommandExecutor.java:174)
	at org.openqa.selenium.remote.RemoteWebDriver.execute(RemoteWebDriver.java:519)
	at org.openqa.selenium.remote.ElementLocation$ElementFinder$2.findElement(ElementLocation.java:165)
	at org.openqa.selenium.remote.ElementLocation.findElement(ElementLocation.java:59)
	at org.openqa.selenium.remote.RemoteWebDriver.findElement(RemoteWebDriver.java:356)
	at org.openqa.selenium.remote.RemoteWebDriver.findElement(RemoteWebDriver.java:350)
	at com.sevenrmartsupermarket.pages.AdminUsersPage.deactivateUser(AdminUsersPage.java:116)
	at com.sevenrmartsupermarket.tests.AdminUsersTest.verifyUserDeactivation(AdminUsersTest.java:70)
	at java.base/jdk.internal.reflect.NativeMethodAccessorImpl.invoke0(Native Method)
	at java.base/jdk.internal.reflect.NativeMethodAccessorImpl.invoke(NativeMethodAccessorImpl.java:77)
	at java.base/jdk.internal.reflect.DelegatingMethodAccessorImpl.invoke(DelegatingMethodAccessorImpl.java:43)
	at java.base/java.lang.reflect.Method.invoke(Method.java:568)
	at org.testng.internal.invokers.MethodInvocationHelper.invokeMethod(MethodInvocationHelper.java:139)
	at org.testng.internal.invokers.TestInvoker.invokeMethod(TestInvoker.java:664)
	at org.testng.internal.invokers.TestInvoker.invokeTestMethod(TestInvoker.java:227)
	at org.testng.internal.invokers.MethodRunner.runInSequence(MethodRunner.java:50)
	at org.testng.internal.invokers.TestInvoker$MethodInvocationAgent.invoke(TestInvoker.java:957)
	at org.testng.internal.invokers.TestInvoker.invokeTestMethods(TestInvoker.java:200)
	at org.testng.internal.invokers.TestMethodWorker.invokeTestMethods(TestMethodWorker.java:148)
	at org.testng.internal.invokers.TestMethodWorker.run(TestMethodWorker.java:128)
	at java.base/java.util.ArrayList.forEach(ArrayList.java:1511)
	at org.testng.TestRunner.privateRun(TestRunner.java:848)
	at org.testng.TestRunner.run(TestRunner.java:621)
	at org.testng.SuiteRunner.runTest(SuiteRunner.java:443)
	at org.testng.SuiteRunner$SuiteWorker.run(SuiteRunner.java:481)
	at org.testng.internal.thread.ThreadUtil.lambda$execute$0(ThreadUtil.java:58)
	at java.base/java.util.concurrent.FutureTask.run(FutureTask.java:264)
	at java.base/java.util.concurrent.ThreadPoolExecutor.runWorker(ThreadPoolExecutor.java:1136)
	at java.base/java.util.concurrent.ThreadPoolExecutor$Worker.run(ThreadPoolExecutor.java:635)
	at java.base/java.lang.Thread.run(Thread.java:842)
</pre></td>
																</tr>
														</tbody>
													</table>
													<ul class='collapsible node-list' data-collapsible='accordion'>
													</ul>
												</div>
											</div>
										</li>
										<li class='collection-item test displayed active fail ' extentid='00d8dfe8-b8d4-450d-9f69-3fc08a34b57b'>
											<div class='test-head'>
												<span class='test-name'>verifyEditUserDetailsFunctionality </span>
												<span class='test-status label right outline capitalize fail'>fail</span>
												<span class='category-assigned hide '></span>
											</div>
											<div class='test-body'>
												<div class='test-info'>
													<span title='Test started time' alt='Test started time' class='test-started-time label green lighten-1 text-white'>2024-05-22 19:57:31</span>
													<span title='Test ended time' alt='Test ended time' class='test-ended-time label red lighten-1 text-white'>2024-05-22 19:57:47</span>
													<span title='Time taken to finish' alt='Time taken to finish' class='test-time-taken label blue-grey lighten-3 text-white'>0h 0m 15s+618ms</span>
												</div>
												<div class='test-desc'></div>
												<div class='test-attributes'>
												</div>
												<div class='test-steps'>
													<table class='bordered table-results'>
														<thead>
															<tr>
																<th>Status</th>
																<th>Timestamp</th>
																<th>Details</th>
															</tr>
														</thead>
														<tbody>
																<tr>
																	<td class='status fail' title='fail' alt='fail'><i class='mdi-navigation-cancel'></i></td>
																	<td class='timestamp'>19:57:47</td>
																	<td class='step-details'><pre>org.openqa.selenium.NoSuchElementException: no such element: Unable to locate element: {"method":"xpath","selector":"//table//tr[40]//td[5]//a[2]"}
  (Session info: chrome=124.0.6367.210)
For documentation on this error, please visit: https://www.selenium.dev/documentation/webdriver/troubleshooting/errors#no-such-element-exception
Build info: version: '4.18.1', revision: 'b1d3319b48'
System info: os.name: 'Windows 11', os.arch: 'amd64', os.version: '10.0', java.version: '17.0.10'
Driver info: org.openqa.selenium.chrome.ChromeDriver
Command: [eaaa6448e3b7380b1549c524db63a792, findElement {using=xpath, value=//table//tr[40]//td[5]//a[2]}]
Capabilities {acceptInsecureCerts: false, browserName: chrome, browserVersion: 124.0.6367.210, chrome: {chromedriverVersion: 124.0.6367.207 (a9001a6e39f..., userDataDir: C:\Users\SUSMITHA\AppData\L...}, fedcm:accounts: true, goog:chromeOptions: {debuggerAddress: localhost:55703}, networkConnectionEnabled: false, pageLoadStrategy: normal, platformName: windows, proxy: Proxy(), se:cdp: ws://localhost:55703/devtoo..., se:cdpVersion: 124.0.6367.210, setWindowRect: true, strictFileInteractability: false, timeouts: {implicit: 0, pageLoad: 300000, script: 30000}, unhandledPromptBehavior: dismiss and notify, webauthn:extension:credBlob: true, webauthn:extension:largeBlob: true, webauthn:extension:minPinLength: true, webauthn:extension:prf: true, webauthn:virtualAuthenticators: true}
Session ID: eaaa6448e3b7380b1549c524db63a792
	at java.base/jdk.internal.reflect.NativeConstructorAccessorImpl.newInstance0(Native Method)
	at java.base/jdk.internal.reflect.NativeConstructorAccessorImpl.newInstance(NativeConstructorAccessorImpl.java:77)
	at java.base/jdk.internal.reflect.DelegatingConstructorAccessorImpl.newInstance(DelegatingConstructorAccessorImpl.java:45)
	at java.base/java.lang.reflect.Constructor.newInstanceWithCaller(Constructor.java:499)
	at java.base/java.lang.reflect.Constructor.newInstance(Constructor.java:480)
	at org.openqa.selenium.remote.ErrorCodec.decode(ErrorCodec.java:167)
	at org.openqa.selenium.remote.codec.w3c.W3CHttpResponseCodec.decode(W3CHttpResponseCodec.java:138)
	at org.openqa.selenium.remote.codec.w3c.W3CHttpResponseCodec.decode(W3CHttpResponseCodec.java:50)
	at org.openqa.selenium.remote.HttpCommandExecutor.execute(HttpCommandExecutor.java:190)
	at org.openqa.selenium.remote.service.DriverCommandExecutor.invokeExecute(DriverCommandExecutor.java:216)
	at org.openqa.selenium.remote.service.DriverCommandExecutor.execute(DriverCommandExecutor.java:174)
	at org.openqa.selenium.remote.RemoteWebDriver.execute(RemoteWebDriver.java:519)
	at org.openqa.selenium.remote.ElementLocation$ElementFinder$2.findElement(ElementLocation.java:165)
	at org.openqa.selenium.remote.ElementLocation.findElement(ElementLocation.java:59)
	at org.openqa.selenium.remote.RemoteWebDriver.findElement(RemoteWebDriver.java:356)
	at org.openqa.selenium.remote.RemoteWebDriver.findElement(RemoteWebDriver.java:350)
	at com.sevenrmartsupermarket.pages.AdminUsersPage.clickOnEditButton(AdminUsersPage.java:156)
	at com.sevenrmartsupermarket.pages.AdminUsersPage.editUserDetails(AdminUsersPage.java:184)
	at com.sevenrmartsupermarket.tests.AdminUsersTest.verifyEditUserDetailsFunctionality(AdminUsersTest.java:81)
	at java.base/jdk.internal.reflect.NativeMethodAccessorImpl.invoke0(Native Method)
	at java.base/jdk.internal.reflect.NativeMethodAccessorImpl.invoke(NativeMethodAccessorImpl.java:77)
	at java.base/jdk.internal.reflect.DelegatingMethodAccessorImpl.invoke(DelegatingMethodAccessorImpl.java:43)
	at java.base/java.lang.reflect.Method.invoke(Method.java:568)
	at org.testng.internal.invokers.MethodInvocationHelper.invokeMethod(MethodInvocationHelper.java:139)
	at org.testng.internal.invokers.TestInvoker.invokeMethod(TestInvoker.java:664)
	at org.testng.internal.invokers.TestInvoker.invokeTestMethod(TestInvoker.java:227)
	at org.testng.internal.invokers.MethodRunner.runInSequence(MethodRunner.java:50)
	at org.testng.internal.invokers.TestInvoker$MethodInvocationAgent.invoke(TestInvoker.java:957)
	at org.testng.internal.invokers.TestInvoker.invokeTestMethods(TestInvoker.java:200)
	at org.testng.internal.invokers.TestMethodWorker.invokeTestMethods(TestMethodWorker.java:148)
	at org.testng.internal.invokers.TestMethodWorker.run(TestMethodWorker.java:128)
	at java.base/java.util.ArrayList.forEach(ArrayList.java:1511)
	at org.testng.TestRunner.privateRun(TestRunner.java:848)
	at org.testng.TestRunner.run(TestRunner.java:621)
	at org.testng.SuiteRunner.runTest(SuiteRunner.java:443)
	at org.testng.SuiteRunner$SuiteWorker.run(SuiteRunner.java:481)
	at org.testng.internal.thread.ThreadUtil.lambda$execute$0(ThreadUtil.java:58)
	at java.base/java.util.concurrent.FutureTask.run(FutureTask.java:264)
	at java.base/java.util.concurrent.ThreadPoolExecutor.runWorker(ThreadPoolExecutor.java:1136)
	at java.base/java.util.concurrent.ThreadPoolExecutor$Worker.run(ThreadPoolExecutor.java:635)
	at java.base/java.lang.Thread.run(Thread.java:842)
</pre></td>
																</tr>
														</tbody>
													</table>
													<ul class='collapsible node-list' data-collapsible='accordion'>
													</ul>
												</div>
											</div>
										</li>
										<li class='collection-item test displayed active fail ' extentid='29950dbd-9cdf-4908-a633-1fb7b566873f'>
											<div class='test-head'>
												<span class='test-name'>verifyNewAdminUserCreated </span>
												<span class='test-status label right outline capitalize fail'>fail</span>
												<span class='category-assigned hide  smoke'></span>
											</div>
											<div class='test-body'>
												<div class='test-info'>
													<span title='Test started time' alt='Test started time' class='test-started-time label green lighten-1 text-white'>2024-05-22 19:57:52</span>
													<span title='Test ended time' alt='Test ended time' class='test-ended-time label red lighten-1 text-white'>2024-05-22 19:57:56</span>
													<span title='Time taken to finish' alt='Time taken to finish' class='test-time-taken label blue-grey lighten-3 text-white'>0h 0m 3s+769ms</span>
												</div>
												<div class='test-desc'></div>
												<div class='test-attributes'>
														<div class='categories'>
																<span class='category text-white'>smoke</span>
														</div>
												</div>
												<div class='test-steps'>
													<table class='bordered table-results'>
														<thead>
															<tr>
																<th>Status</th>
																<th>Timestamp</th>
																<th>Details</th>
															</tr>
														</thead>
														<tbody>
																<tr>
																	<td class='status fail' title='fail' alt='fail'><i class='mdi-navigation-cancel'></i></td>
																	<td class='timestamp'>19:57:56</td>
																	<td class='step-details'><pre>java.lang.AssertionError: expected [true] but found [false]
	at org.testng.Assert.fail(Assert.java:111)
	at org.testng.Assert.failNotEquals(Assert.java:1578)
	at org.testng.Assert.assertTrue(Assert.java:57)
	at org.testng.Assert.assertTrue(Assert.java:67)
	at com.sevenrmartsupermarket.tests.AdminUsersTest.verifyNewAdminUserCreated(AdminUsersTest.java:58)
	at java.base/jdk.internal.reflect.NativeMethodAccessorImpl.invoke0(Native Method)
	at java.base/jdk.internal.reflect.NativeMethodAccessorImpl.invoke(NativeMethodAccessorImpl.java:77)
	at java.base/jdk.internal.reflect.DelegatingMethodAccessorImpl.invoke(DelegatingMethodAccessorImpl.java:43)
	at java.base/java.lang.reflect.Method.invoke(Method.java:568)
	at org.testng.internal.invokers.MethodInvocationHelper.invokeMethod(MethodInvocationHelper.java:139)
	at org.testng.internal.invokers.TestInvoker.invokeMethod(TestInvoker.java:664)
	at org.testng.internal.invokers.TestInvoker.invokeTestMethod(TestInvoker.java:227)
	at org.testng.internal.invokers.MethodRunner.runInSequence(MethodRunner.java:50)
	at org.testng.internal.invokers.TestInvoker$MethodInvocationAgent.invoke(TestInvoker.java:957)
	at org.testng.internal.invokers.TestInvoker.invokeTestMethods(TestInvoker.java:200)
	at org.testng.internal.invokers.TestMethodWorker.invokeTestMethods(TestMethodWorker.java:148)
	at org.testng.internal.invokers.TestMethodWorker.run(TestMethodWorker.java:128)
	at java.base/java.util.ArrayList.forEach(ArrayList.java:1511)
	at org.testng.TestRunner.privateRun(TestRunner.java:848)
	at org.testng.TestRunner.run(TestRunner.java:621)
	at org.testng.SuiteRunner.runTest(SuiteRunner.java:443)
	at org.testng.SuiteRunner$SuiteWorker.run(SuiteRunner.java:481)
	at org.testng.internal.thread.ThreadUtil.lambda$execute$0(ThreadUtil.java:58)
	at java.base/java.util.concurrent.FutureTask.run(FutureTask.java:264)
	at java.base/java.util.concurrent.ThreadPoolExecutor.runWorker(ThreadPoolExecutor.java:1136)
	at java.base/java.util.concurrent.ThreadPoolExecutor$Worker.run(ThreadPoolExecutor.java:635)
	at java.base/java.lang.Thread.run(Thread.java:842)
</pre></td>
																</tr>
														</tbody>
													</table>
													<ul class='collapsible node-list' data-collapsible='accordion'>
													</ul>
												</div>
											</div>
										</li>
										<li class='collection-item test displayed active fail ' extentid='93b2624d-6516-4dc2-8e7b-257ac4cf8085'>
											<div class='test-head'>
												<span class='test-name'>verifyUserProfileDeletion </span>
												<span class='test-status label right outline capitalize fail'>fail</span>
												<span class='category-assigned hide '></span>
											</div>
											<div class='test-body'>
												<div class='test-info'>
													<span title='Test started time' alt='Test started time' class='test-started-time label green lighten-1 text-white'>2024-05-22 19:59:25</span>
													<span title='Test ended time' alt='Test ended time' class='test-ended-time label red lighten-1 text-white'>2024-05-22 19:59:41</span>
													<span title='Time taken to finish' alt='Time taken to finish' class='test-time-taken label blue-grey lighten-3 text-white'>0h 0m 15s+312ms</span>
												</div>
												<div class='test-desc'></div>
												<div class='test-attributes'>
												</div>
												<div class='test-steps'>
													<table class='bordered table-results'>
														<thead>
															<tr>
																<th>Status</th>
																<th>Timestamp</th>
																<th>Details</th>
															</tr>
														</thead>
														<tbody>
																<tr>
																	<td class='status fail' title='fail' alt='fail'><i class='mdi-navigation-cancel'></i></td>
																	<td class='timestamp'>19:59:41</td>
																	<td class='step-details'><pre>org.openqa.selenium.NoSuchElementException: no such element: Unable to locate element: {"method":"xpath","selector":"//table//tr[40]//td[5]//a[3]"}
  (Session info: chrome=124.0.6367.210)
For documentation on this error, please visit: https://www.selenium.dev/documentation/webdriver/troubleshooting/errors#no-such-element-exception
Build info: version: '4.18.1', revision: 'b1d3319b48'
System info: os.name: 'Windows 11', os.arch: 'amd64', os.version: '10.0', java.version: '17.0.10'
Driver info: org.openqa.selenium.chrome.ChromeDriver
Command: [775d5746927d69140960b0fcca5f1026, findElement {using=xpath, value=//table//tr[40]//td[5]//a[3]}]
Capabilities {acceptInsecureCerts: false, browserName: chrome, browserVersion: 124.0.6367.210, chrome: {chromedriverVersion: 124.0.6367.207 (a9001a6e39f..., userDataDir: C:\Users\SUSMITHA\AppData\L...}, fedcm:accounts: true, goog:chromeOptions: {debuggerAddress: localhost:56289}, networkConnectionEnabled: false, pageLoadStrategy: normal, platformName: windows, proxy: Proxy(), se:cdp: ws://localhost:56289/devtoo..., se:cdpVersion: 124.0.6367.210, setWindowRect: true, strictFileInteractability: false, timeouts: {implicit: 0, pageLoad: 300000, script: 30000}, unhandledPromptBehavior: dismiss and notify, webauthn:extension:credBlob: true, webauthn:extension:largeBlob: true, webauthn:extension:minPinLength: true, webauthn:extension:prf: true, webauthn:virtualAuthenticators: true}
Session ID: 775d5746927d69140960b0fcca5f1026
	at java.base/jdk.internal.reflect.NativeConstructorAccessorImpl.newInstance0(Native Method)
	at java.base/jdk.internal.reflect.NativeConstructorAccessorImpl.newInstance(NativeConstructorAccessorImpl.java:77)
	at java.base/jdk.internal.reflect.DelegatingConstructorAccessorImpl.newInstance(DelegatingConstructorAccessorImpl.java:45)
	at java.base/java.lang.reflect.Constructor.newInstanceWithCaller(Constructor.java:499)
	at java.base/java.lang.reflect.Constructor.newInstance(Constructor.java:480)
	at org.openqa.selenium.remote.ErrorCodec.decode(ErrorCodec.java:167)
	at org.openqa.selenium.remote.codec.w3c.W3CHttpResponseCodec.decode(W3CHttpResponseCodec.java:138)
	at org.openqa.selenium.remote.codec.w3c.W3CHttpResponseCodec.decode(W3CHttpResponseCodec.java:50)
	at org.openqa.selenium.remote.HttpCommandExecutor.execute(HttpCommandExecutor.java:190)
	at org.openqa.selenium.remote.service.DriverCommandExecutor.invokeExecute(DriverCommandExecutor.java:216)
	at org.openqa.selenium.remote.service.DriverCommandExecutor.execute(DriverCommandExecutor.java:174)
	at org.openqa.selenium.remote.RemoteWebDriver.execute(RemoteWebDriver.java:519)
	at org.openqa.selenium.remote.ElementLocation$ElementFinder$2.findElement(ElementLocation.java:165)
	at org.openqa.selenium.remote.ElementLocation.findElement(ElementLocation.java:59)
	at org.openqa.selenium.remote.RemoteWebDriver.findElement(RemoteWebDriver.java:356)
	at org.openqa.selenium.remote.RemoteWebDriver.findElement(RemoteWebDriver.java:350)
	at com.sevenrmartsupermarket.pages.AdminUsersPage.deleteUser(AdminUsersPage.java:213)
	at com.sevenrmartsupermarket.tests.AdminUsersTest.verifyUserProfileDeletion(AdminUsersTest.java:98)
	at java.base/jdk.internal.reflect.NativeMethodAccessorImpl.invoke0(Native Method)
	at java.base/jdk.internal.reflect.NativeMethodAccessorImpl.invoke(NativeMethodAccessorImpl.java:77)
	at java.base/jdk.internal.reflect.DelegatingMethodAccessorImpl.invoke(DelegatingMethodAccessorImpl.java:43)
	at java.base/java.lang.reflect.Method.invoke(Method.java:568)
	at org.testng.internal.invokers.MethodInvocationHelper.invokeMethod(MethodInvocationHelper.java:139)
	at org.testng.internal.invokers.TestInvoker.invokeMethod(TestInvoker.java:664)
	at org.testng.internal.invokers.TestInvoker.retryFailed(TestInvoker.java:248)
	at org.testng.internal.invokers.MethodRunner.runInSequence(MethodRunner.java:62)
	at org.testng.internal.invokers.TestInvoker$MethodInvocationAgent.invoke(TestInvoker.java:957)
	at org.testng.internal.invokers.TestInvoker.invokeTestMethods(TestInvoker.java:200)
	at org.testng.internal.invokers.TestMethodWorker.invokeTestMethods(TestMethodWorker.java:148)
	at org.testng.internal.invokers.TestMethodWorker.run(TestMethodWorker.java:128)
	at java.base/java.util.ArrayList.forEach(ArrayList.java:1511)
	at org.testng.TestRunner.privateRun(TestRunner.java:848)
	at org.testng.TestRunner.run(TestRunner.java:621)
	at org.testng.SuiteRunner.runTest(SuiteRunner.java:443)
	at org.testng.SuiteRunner$SuiteWorker.run(SuiteRunner.java:481)
	at org.testng.internal.thread.ThreadUtil.lambda$execute$0(ThreadUtil.java:58)
	at java.base/java.util.concurrent.FutureTask.run(FutureTask.java:264)
	at java.base/java.util.concurrent.ThreadPoolExecutor.runWorker(ThreadPoolExecutor.java:1136)
	at java.base/java.util.concurrent.ThreadPoolExecutor$Worker.run(ThreadPoolExecutor.java:635)
	at java.base/java.lang.Thread.run(Thread.java:842)
</pre></td>
																</tr>
														</tbody>
													</table>
													<ul class='collapsible node-list' data-collapsible='accordion'>
													</ul>
												</div>
											</div>
										</li>
										<li class='collection-item test displayed active skip ' extentid='e0cd4ead-2d00-4e49-a2ab-a8e4b87aa430'>
											<div class='test-head'>
												<span class='test-name'>verifyUserProfileDeletion </span>
												<span class='test-status label right outline capitalize skip'>skip</span>
												<span class='category-assigned hide '></span>
											</div>
											<div class='test-body'>
												<div class='test-info'>
													<span title='Test started time' alt='Test started time' class='test-started-time label green lighten-1 text-white'>2024-05-22 19:58:43</span>
													<span title='Test ended time' alt='Test ended time' class='test-ended-time label red lighten-1 text-white'>2024-05-22 19:58:57</span>
													<span title='Time taken to finish' alt='Time taken to finish' class='test-time-taken label blue-grey lighten-3 text-white'>0h 0m 14s+159ms</span>
												</div>
												<div class='test-desc'></div>
												<div class='test-attributes'>
												</div>
												<div class='test-steps'>
													<table class='bordered table-results'>
														<thead>
															<tr>
																<th>Status</th>
																<th>Timestamp</th>
																<th>Details</th>
															</tr>
														</thead>
														<tbody>
																<tr>
																	<td class='status skip' title='skip' alt='skip'><i class='mdi-content-redo'></i></td>
																	<td class='timestamp'>19:58:57</td>
																	<td class='step-details'><pre>org.openqa.selenium.NoSuchElementException: no such element: Unable to locate element: {"method":"xpath","selector":"//table//tr[40]//td[5]//a[3]"}
  (Session info: chrome=124.0.6367.210)
For documentation on this error, please visit: https://www.selenium.dev/documentation/webdriver/troubleshooting/errors#no-such-element-exception
Build info: version: '4.18.1', revision: 'b1d3319b48'
System info: os.name: 'Windows 11', os.arch: 'amd64', os.version: '10.0', java.version: '17.0.10'
Driver info: org.openqa.selenium.chrome.ChromeDriver
Command: [7b113898e4581a842bc8e021f7ad4dca, findElement {using=xpath, value=//table//tr[40]//td[5]//a[3]}]
Capabilities {acceptInsecureCerts: false, browserName: chrome, browserVersion: 124.0.6367.210, chrome: {chromedriverVersion: 124.0.6367.207 (a9001a6e39f..., userDataDir: C:\Users\SUSMITHA\AppData\L...}, fedcm:accounts: true, goog:chromeOptions: {debuggerAddress: localhost:56119}, networkConnectionEnabled: false, pageLoadStrategy: normal, platformName: windows, proxy: Proxy(), se:cdp: ws://localhost:56119/devtoo..., se:cdpVersion: 124.0.6367.210, setWindowRect: true, strictFileInteractability: false, timeouts: {implicit: 0, pageLoad: 300000, script: 30000}, unhandledPromptBehavior: dismiss and notify, webauthn:extension:credBlob: true, webauthn:extension:largeBlob: true, webauthn:extension:minPinLength: true, webauthn:extension:prf: true, webauthn:virtualAuthenticators: true}
Session ID: 7b113898e4581a842bc8e021f7ad4dca
	at java.base/jdk.internal.reflect.NativeConstructorAccessorImpl.newInstance0(Native Method)
	at java.base/jdk.internal.reflect.NativeConstructorAccessorImpl.newInstance(NativeConstructorAccessorImpl.java:77)
	at java.base/jdk.internal.reflect.DelegatingConstructorAccessorImpl.newInstance(DelegatingConstructorAccessorImpl.java:45)
	at java.base/java.lang.reflect.Constructor.newInstanceWithCaller(Constructor.java:499)
	at java.base/java.lang.reflect.Constructor.newInstance(Constructor.java:480)
	at org.openqa.selenium.remote.ErrorCodec.decode(ErrorCodec.java:167)
	at org.openqa.selenium.remote.codec.w3c.W3CHttpResponseCodec.decode(W3CHttpResponseCodec.java:138)
	at org.openqa.selenium.remote.codec.w3c.W3CHttpResponseCodec.decode(W3CHttpResponseCodec.java:50)
	at org.openqa.selenium.remote.HttpCommandExecutor.execute(HttpCommandExecutor.java:190)
	at org.openqa.selenium.remote.service.DriverCommandExecutor.invokeExecute(DriverCommandExecutor.java:216)
	at org.openqa.selenium.remote.service.DriverCommandExecutor.execute(DriverCommandExecutor.java:174)
	at org.openqa.selenium.remote.RemoteWebDriver.execute(RemoteWebDriver.java:519)
	at org.openqa.selenium.remote.ElementLocation$ElementFinder$2.findElement(ElementLocation.java:165)
	at org.openqa.selenium.remote.ElementLocation.findElement(ElementLocation.java:59)
	at org.openqa.selenium.remote.RemoteWebDriver.findElement(RemoteWebDriver.java:356)
	at org.openqa.selenium.remote.RemoteWebDriver.findElement(RemoteWebDriver.java:350)
	at com.sevenrmartsupermarket.pages.AdminUsersPage.deleteUser(AdminUsersPage.java:213)
	at com.sevenrmartsupermarket.tests.AdminUsersTest.verifyUserProfileDeletion(AdminUsersTest.java:98)
	at java.base/jdk.internal.reflect.NativeMethodAccessorImpl.invoke0(Native Method)
	at java.base/jdk.internal.reflect.NativeMethodAccessorImpl.invoke(NativeMethodAccessorImpl.java:77)
	at java.base/jdk.internal.reflect.DelegatingMethodAccessorImpl.invoke(DelegatingMethodAccessorImpl.java:43)
	at java.base/java.lang.reflect.Method.invoke(Method.java:568)
	at org.testng.internal.invokers.MethodInvocationHelper.invokeMethod(MethodInvocationHelper.java:139)
	at org.testng.internal.invokers.TestInvoker.invokeMethod(TestInvoker.java:664)
	at org.testng.internal.invokers.TestInvoker.invokeTestMethod(TestInvoker.java:227)
	at org.testng.internal.invokers.MethodRunner.runInSequence(MethodRunner.java:50)
	at org.testng.internal.invokers.TestInvoker$MethodInvocationAgent.invoke(TestInvoker.java:957)
	at org.testng.internal.invokers.TestInvoker.invokeTestMethods(TestInvoker.java:200)
	at org.testng.internal.invokers.TestMethodWorker.invokeTestMethods(TestMethodWorker.java:148)
	at org.testng.internal.invokers.TestMethodWorker.run(TestMethodWorker.java:128)
	at java.base/java.util.ArrayList.forEach(ArrayList.java:1511)
	at org.testng.TestRunner.privateRun(TestRunner.java:848)
	at org.testng.TestRunner.run(TestRunner.java:621)
	at org.testng.SuiteRunner.runTest(SuiteRunner.java:443)
	at org.testng.SuiteRunner$SuiteWorker.run(SuiteRunner.java:481)
	at org.testng.internal.thread.ThreadUtil.lambda$execute$0(ThreadUtil.java:58)
	at java.base/java.util.concurrent.FutureTask.run(FutureTask.java:264)
	at java.base/java.util.concurrent.ThreadPoolExecutor.runWorker(ThreadPoolExecutor.java:1136)
	at java.base/java.util.concurrent.ThreadPoolExecutor$Worker.run(ThreadPoolExecutor.java:635)
	at java.base/java.lang.Thread.run(Thread.java:842)
</pre></td>
																</tr>
														</tbody>
													</table>
													<ul class='collapsible node-list' data-collapsible='accordion'>
													</ul>
												</div>
											</div>
										</li>
										<li class='collection-item test displayed active skip ' extentid='b8dd4df4-4a1d-43f2-9155-5df7d8610a4f'>
											<div class='test-head'>
												<span class='test-name'>verifyUserProfileDeletion </span>
												<span class='test-status label right outline capitalize skip'>skip</span>
												<span class='category-assigned hide '></span>
											</div>
											<div class='test-body'>
												<div class='test-info'>
													<span title='Test started time' alt='Test started time' class='test-started-time label green lighten-1 text-white'>2024-05-22 19:59:03</span>
													<span title='Test ended time' alt='Test ended time' class='test-ended-time label red lighten-1 text-white'>2024-05-22 19:59:18</span>
													<span title='Time taken to finish' alt='Time taken to finish' class='test-time-taken label blue-grey lighten-3 text-white'>0h 0m 14s+527ms</span>
												</div>
												<div class='test-desc'></div>
												<div class='test-attributes'>
												</div>
												<div class='test-steps'>
													<table class='bordered table-results'>
														<thead>
															<tr>
																<th>Status</th>
																<th>Timestamp</th>
																<th>Details</th>
															</tr>
														</thead>
														<tbody>
																<tr>
																	<td class='status skip' title='skip' alt='skip'><i class='mdi-content-redo'></i></td>
																	<td class='timestamp'>19:59:18</td>
																	<td class='step-details'><pre>org.openqa.selenium.NoSuchElementException: no such element: Unable to locate element: {"method":"xpath","selector":"//table//tr[40]//td[5]//a[3]"}
  (Session info: chrome=124.0.6367.210)
For documentation on this error, please visit: https://www.selenium.dev/documentation/webdriver/troubleshooting/errors#no-such-element-exception
Build info: version: '4.18.1', revision: 'b1d3319b48'
System info: os.name: 'Windows 11', os.arch: 'amd64', os.version: '10.0', java.version: '17.0.10'
Driver info: org.openqa.selenium.chrome.ChromeDriver
Command: [6db44a0ece8f6fb4c142244fe2c93ab3, findElement {using=xpath, value=//table//tr[40]//td[5]//a[3]}]
Capabilities {acceptInsecureCerts: false, browserName: chrome, browserVersion: 124.0.6367.210, chrome: {chromedriverVersion: 124.0.6367.207 (a9001a6e39f..., userDataDir: C:\Users\SUSMITHA\AppData\L...}, fedcm:accounts: true, goog:chromeOptions: {debuggerAddress: localhost:56200}, networkConnectionEnabled: false, pageLoadStrategy: normal, platformName: windows, proxy: Proxy(), se:cdp: ws://localhost:56200/devtoo..., se:cdpVersion: 124.0.6367.210, setWindowRect: true, strictFileInteractability: false, timeouts: {implicit: 0, pageLoad: 300000, script: 30000}, unhandledPromptBehavior: dismiss and notify, webauthn:extension:credBlob: true, webauthn:extension:largeBlob: true, webauthn:extension:minPinLength: true, webauthn:extension:prf: true, webauthn:virtualAuthenticators: true}
Session ID: 6db44a0ece8f6fb4c142244fe2c93ab3
	at java.base/jdk.internal.reflect.NativeConstructorAccessorImpl.newInstance0(Native Method)
	at java.base/jdk.internal.reflect.NativeConstructorAccessorImpl.newInstance(NativeConstructorAccessorImpl.java:77)
	at java.base/jdk.internal.reflect.DelegatingConstructorAccessorImpl.newInstance(DelegatingConstructorAccessorImpl.java:45)
	at java.base/java.lang.reflect.Constructor.newInstanceWithCaller(Constructor.java:499)
	at java.base/java.lang.reflect.Constructor.newInstance(Constructor.java:480)
	at org.openqa.selenium.remote.ErrorCodec.decode(ErrorCodec.java:167)
	at org.openqa.selenium.remote.codec.w3c.W3CHttpResponseCodec.decode(W3CHttpResponseCodec.java:138)
	at org.openqa.selenium.remote.codec.w3c.W3CHttpResponseCodec.decode(W3CHttpResponseCodec.java:50)
	at org.openqa.selenium.remote.HttpCommandExecutor.execute(HttpCommandExecutor.java:190)
	at org.openqa.selenium.remote.service.DriverCommandExecutor.invokeExecute(DriverCommandExecutor.java:216)
	at org.openqa.selenium.remote.service.DriverCommandExecutor.execute(DriverCommandExecutor.java:174)
	at org.openqa.selenium.remote.RemoteWebDriver.execute(RemoteWebDriver.java:519)
	at org.openqa.selenium.remote.ElementLocation$ElementFinder$2.findElement(ElementLocation.java:165)
	at org.openqa.selenium.remote.ElementLocation.findElement(ElementLocation.java:59)
	at org.openqa.selenium.remote.RemoteWebDriver.findElement(RemoteWebDriver.java:356)
	at org.openqa.selenium.remote.RemoteWebDriver.findElement(RemoteWebDriver.java:350)
	at com.sevenrmartsupermarket.pages.AdminUsersPage.deleteUser(AdminUsersPage.java:213)
	at com.sevenrmartsupermarket.tests.AdminUsersTest.verifyUserProfileDeletion(AdminUsersTest.java:98)
	at java.base/jdk.internal.reflect.NativeMethodAccessorImpl.invoke0(Native Method)
	at java.base/jdk.internal.reflect.NativeMethodAccessorImpl.invoke(NativeMethodAccessorImpl.java:77)
	at java.base/jdk.internal.reflect.DelegatingMethodAccessorImpl.invoke(DelegatingMethodAccessorImpl.java:43)
	at java.base/java.lang.reflect.Method.invoke(Method.java:568)
	at org.testng.internal.invokers.MethodInvocationHelper.invokeMethod(MethodInvocationHelper.java:139)
	at org.testng.internal.invokers.TestInvoker.invokeMethod(TestInvoker.java:664)
	at org.testng.internal.invokers.TestInvoker.retryFailed(TestInvoker.java:248)
	at org.testng.internal.invokers.MethodRunner.runInSequence(MethodRunner.java:62)
	at org.testng.internal.invokers.TestInvoker$MethodInvocationAgent.invoke(TestInvoker.java:957)
	at org.testng.internal.invokers.TestInvoker.invokeTestMethods(TestInvoker.java:200)
	at org.testng.internal.invokers.TestMethodWorker.invokeTestMethods(TestMethodWorker.java:148)
	at org.testng.internal.invokers.TestMethodWorker.run(TestMethodWorker.java:128)
	at java.base/java.util.ArrayList.forEach(ArrayList.java:1511)
	at org.testng.TestRunner.privateRun(TestRunner.java:848)
	at org.testng.TestRunner.run(TestRunner.java:621)
	at org.testng.SuiteRunner.runTest(SuiteRunner.java:443)
	at org.testng.SuiteRunner$SuiteWorker.run(SuiteRunner.java:481)
	at org.testng.internal.thread.ThreadUtil.lambda$execute$0(ThreadUtil.java:58)
	at java.base/java.util.concurrent.FutureTask.run(FutureTask.java:264)
	at java.base/java.util.concurrent.ThreadPoolExecutor.runWorker(ThreadPoolExecutor.java:1136)
	at java.base/java.util.concurrent.ThreadPoolExecutor$Worker.run(ThreadPoolExecutor.java:635)
	at java.base/java.lang.Thread.run(Thread.java:842)
</pre></td>
																</tr>
														</tbody>
													</table>
													<ul class='collapsible node-list' data-collapsible='accordion'>
													</ul>
												</div>
											</div>
										</li>
								</ul>
							</div>
						</div>
					</div>
				</div>
				<div id='test-details-wrapper' class='col _addedCell2'>
					<div class='contents'>
						<div class='card-panel details-view'>
							<h5 class='details-name'></h5>
							<div class='step-filters right'>
								<span class='btn-floating btn-small waves-effect waves-light blue' status='info' alt='info' title='info'><i class='mdi-action-info-outline'></i></span>
								<span class='btn-floating btn-small waves-effect waves-light green' status='pass' alt='pass' title='pass'><i class='mdi-action-check-circle'></i></span>
								<span class='btn-floating btn-small waves-effect waves-light red' status='fail' alt='fail' title='fail'><i class='mdi-navigation-cancel'></i></span>
								<span class='btn-floating btn-small waves-effect waves-light red darken-4' status='fatal' alt='fatal' title='fatal'><i class='mdi-navigation-cancel'></i></span>
								<span class='btn-floating btn-small waves-effect waves-light red lighten-2' status='error' alt='error' title='error'><i class='mdi-alert-error'></i></span>
								<span class='btn-floating btn-small waves-effect waves-light orange' alt='warning' status='warning' title='warning'><i class='mdi-alert-warning'></i></span>
								<span class='btn-floating btn-small waves-effect waves-light cyan' status='skip' alt='skip' title='skip'><i class='mdi-content-redo'></i></span>
								<span class='btn-floating btn-small waves-effect waves-light grey darken-2' status='clear-step-filter' alt='Clear filters' title='Clear filters'><i class='mdi-content-clear'></i></span>
							</div>
							<div class='details-container'>
							</div>
						</div>
					</div>
				</div>
			</div>
			<!-- /tests -->
			
			<!-- categories -->
				<div id='categories-view' class='row _addedTable hide'>
					<div class='col _addedCell1'>
						<div class='contents'>
							<div class='card-panel heading'>
								<h5>Categories</h5>
							</div>
							<div class='card-panel filters'>
								<div class='search' alt='Search tests' title='Search tests'>
									<div class='input-field left'>
										<input id='searchTests' type='text' class='validate' placeholder='Search...'>
									</div>
									<a href="#" class='btn-floating btn-small waves-effect waves-light blue lighten-1'>
										<i class='mdi-action-search'></i>
									</a>
								</div>
							</div>
							<div class='card-panel no-padding-h no-padding-v'>
								<div class='wrapper'>
									<ul id='cat-collection' class='cat-collection'>
											<li class='category-item displayed'>
												<div class='cat-head'>
													<span class='category-name'>sanity</span>
												</div>
												<div class='category-status-counts'>
														<span class='pass label dot'>Pass: 5</span>
												</div>
												<div class='cat-body'>
													<div class='category-status-counts'>
														<div class='button-group'>
															<a href='#!' class='pass label filter'>Pass <span class='icon'>5</span></a>
															<a href='#!' class='fail label filter'>Fail <span class='icon'>0</span></a>
															<a href='#!' class='other label filter'>Others <span class='icon'>0</span></a>
														</div>
													</div>
													<div class='cat-tests'>
														<table class='bordered'>
															<thead>
																<tr>
																	<th>RunDate</th>
																	<th>Test Name</th>
																	<th>Status</th>
																</tr>
															</thead>
															<tbody>
																	<tr class='pass'>
																		<td>2024-05-22 19:58:11</td>
																		<td><span class='category-link linked' extentid='eeb068df-6a30-4df1-9b42-9ad0f070401f'>verifyLogoText</span></td>
																		<td><div class='status label capitalize pass'>pass</div></td>
																	</tr>
																	<tr class='pass'>
																		<td>2024-05-22 19:57:32</td>
																		<td><span class='category-link linked' extentid='5f6ea81d-f71d-46bd-a948-46c1061a471d'>verifyInvalidUserLogin</span></td>
																		<td><div class='status label capitalize pass'>pass</div></td>
																	</tr>
																	<tr class='pass'>
																		<td>2024-05-22 19:58:37</td>
																		<td><span class='category-link linked' extentid='58873f10-fb68-4611-9eeb-47369a4ac45a'>verifyValidUserLogin</span></td>
																		<td><div class='status label capitalize pass'>pass</div></td>
																	</tr>
																	<tr class='pass'>
																		<td>2024-05-22 19:59:47</td>
																		<td><span class='category-link linked' extentid='069339ab-9be0-432c-bfa2-21b74b8243b6'>verifyUsernameAlreadyExistAlertMessage</span></td>
																		<td><div class='status label capitalize pass'>pass</div></td>
																	</tr>
																	<tr class='pass'>
																		<td>2024-05-22 19:58:02</td>
																		<td><span class='category-link linked' extentid='4d6ac65a-f14b-4402-a7f4-962db8fb8edb'>verifyNewlyCreatedAdminLogo</span></td>
																		<td><div class='status label capitalize pass'>pass</div></td>
																	</tr>
															<tbody>
														</table>
													</div>
												</div> 
											</li>
											<li class='category-item displayed'>
												<div class='cat-head'>
													<span class='category-name'>smoke</span>
												</div>
												<div class='category-status-counts'>
														<span class='pass label dot'>Pass: 6</span>
														<span class='fail label dot'>Fail: 1</span>
												</div>
												<div class='cat-body'>
													<div class='category-status-counts'>
														<div class='button-group'>
															<a href='#!' class='pass label filter'>Pass <span class='icon'>6</span></a>
															<a href='#!' class='fail label filter'>Fail <span class='icon'>1</span></a>
															<a href='#!' class='other label filter'>Others <span class='icon'>0</span></a>
														</div>
													</div>
													<div class='cat-tests'>
														<table class='bordered'>
															<thead>
																<tr>
																	<th>RunDate</th>
																	<th>Test Name</th>
																	<th>Status</th>
																</tr>
															</thead>
															<tbody>
																	<tr class='pass'>
																		<td>2024-05-22 19:58:32</td>
																		<td><span class='category-link linked' extentid='23782118-33cb-4ce3-a2cd-af061724155c'>verifyUseridText</span></td>
																		<td><div class='status label capitalize pass'>pass</div></td>
																	</tr>
																	<tr class='pass'>
																		<td>2024-05-22 19:58:03</td>
																		<td><span class='category-link linked' extentid='4051b30e-8387-4a21-8b96-6030d2e94269'>verifyLoginUsingDataProvider</span></td>
																		<td><div class='status label capitalize pass'>pass</div></td>
																	</tr>
																	<tr class='pass'>
																		<td>2024-05-22 19:58:19</td>
																		<td><span class='category-link linked' extentid='f82d7cac-bd56-487f-887f-64105806ef5c'>verifyNewlyCreatedUserLogin</span></td>
																		<td><div class='status label capitalize pass'>pass</div></td>
																	</tr>
																	<tr class='pass'>
																		<td>2024-05-22 19:57:45</td>
																		<td><span class='category-link linked' extentid='35f118e7-1d74-4865-a297-be56b4209841'>verifyLoginUsingDataProvider</span></td>
																		<td><div class='status label capitalize pass'>pass</div></td>
																	</tr>
																	<tr class='pass'>
																		<td>2024-05-22 19:58:27</td>
																		<td><span class='category-link linked' extentid='145f58b0-990e-49ac-8e28-9d9dad6d4110'>verifyRemembermeText</span></td>
																		<td><div class='status label capitalize pass'>pass</div></td>
																	</tr>
																	<tr class='pass'>
																		<td>2024-05-22 19:57:53</td>
																		<td><span class='category-link linked' extentid='2b884801-f506-4d39-9ced-4698cb14ffbe'>verifyLoginUsingDataProvider</span></td>
																		<td><div class='status label capitalize pass'>pass</div></td>
																	</tr>
																	<tr class='fail'>
																		<td>2024-05-22 19:57:52</td>
																		<td><span class='category-link linked' extentid='29950dbd-9cdf-4908-a633-1fb7b566873f'>verifyNewAdminUserCreated</span></td>
																		<td><div class='status label capitalize fail'>fail</div></td>
																	</tr>
															<tbody>
														</table>
													</div>
												</div> 
											</li>
									</ul>
								</div>
							</div>
						</div>
					</div>
					<div id='cat-details-wrapper' class='col _addedCell2'>
						<div class='contents'>
							<div class='card-panel details-view'>
								<h5 class='cat-name'></h5>
								<div class='cat-container'>
								</div>
							</div>
						</div>
					</div>
				</div>
			<!-- /categories -->
			
			<!-- exceptions -->
				<div id='exceptions-view' class='row _addedTable hide'>
					<div class='col _addedCell1'>
						<div class='contents'>
							<div class='card-panel heading'>
								<h5>Defects</h5>
							</div>
							<div class='card-panel filters'>
								<div class='search' alt='Search tests' title='Search tests'>
									<div class='input-field left'>
										<input id='searchTests' type='text' class='validate' placeholder='Search tests...'>
									</div>
									<a href="#" class='btn-floating btn-small waves-effect waves-light blue lighten-1'>
										<i class='mdi-action-search'></i>
									</a>
								</div>
							</div>
							<div class='card-panel no-padding-h no-padding-v'>
								<div class='wrapper'>
									<ul id='exception-collection' class='exception-collection'>
											<li class='exception-item displayed'>
												<div class='exception-head'>
													<span class='exception-name'>java.lang.AssertionError</span>
												</div>
												<div class='exception-test-count'>
													<span class='fail label'>2</span>
												</div>
												<div class='exception-body'>
													<div class='exception-tests'>
														<table class='bordered'>
															<thead>
																<tr>
																	<th>RunDate</th>
																	<th>Test Name</th>
																	<th>Exception</th>
																</tr>
															</thead>
															<tbody>
                                                                   <tr class='fail'>
                                                                       <td>2024-05-22 20:00:01</td>
                                                                       <td><span class='exception-link linked' extentid='1399b565-7433-41d2-aed4-a1e65910fc7f'>verify_GraphicElements</span></td>
                                                                       <td><pre class='exception-message'>java.lang.AssertionError: expected [16] but found [8]
	at org.testng.Assert.fail(Assert.java:111)
	at org.testng.Assert.failNotEquals(Assert.java:1578)
	at org.testng.Assert.assertEqualsImpl(Assert.java:150)
	at org.testng.Assert.assertEquals(Assert.java:132)
	at org.testng.Assert.assertEquals(Assert.java:1419)
	at org.testng.Assert.assertEquals(Assert.java:1383)
	at org.testng.Assert.assertEquals(Assert.java:1429)
	at com.sevenrmartsupermarket.tests.HomeTest.verify_GraphicElements(HomeTest.java:22)
	at java.base/jdk.internal.reflect.NativeMethodAccessorImpl.invoke0(Native Method)
	at java.base/jdk.internal.reflect.NativeMethodAccessorImpl.invoke(NativeMethodAccessorImpl.java:77)
	at java.base/jdk.internal.reflect.DelegatingMethodAccessorImpl.invoke(DelegatingMethodAccessorImpl.java:43)
	at java.base/java.lang.reflect.Method.invoke(Method.java:568)
	at org.testng.internal.invokers.MethodInvocationHelper.invokeMethod(MethodInvocationHelper.java:139)
	at org.testng.internal.invokers.TestInvoker.invokeMethod(TestInvoker.java:664)
	at org.testng.internal.invokers.TestInvoker.invokeTestMethod(TestInvoker.java:227)
	at org.testng.internal.invokers.MethodRunner.runInSequence(MethodRunner.java:50)
	at org.testng.internal.invokers.TestInvoker$MethodInvocationAgent.invoke(TestInvoker.java:957)
	at org.testng.internal.invokers.TestInvoker.invokeTestMethods(TestInvoker.java:200)
	at org.testng.internal.invokers.TestMethodWorker.invokeTestMethods(TestMethodWorker.java:148)
	at org.testng.internal.invokers.TestMethodWorker.run(TestMethodWorker.java:128)
	at java.base/java.util.ArrayList.forEach(ArrayList.java:1511)
	at org.testng.TestRunner.privateRun(TestRunner.java:848)
	at org.testng.TestRunner.run(TestRunner.java:621)
	at org.testng.SuiteRunner.runTest(SuiteRunner.java:443)
	at org.testng.SuiteRunner$SuiteWorker.run(SuiteRunner.java:481)
	at org.testng.internal.thread.ThreadUtil.lambda$execute$0(ThreadUtil.java:58)
	at java.base/java.util.concurrent.FutureTask.run(FutureTask.java:264)
	at java.base/java.util.concurrent.ThreadPoolExecutor.runWorker(ThreadPoolExecutor.java:1136)
	at java.base/java.util.concurrent.ThreadPoolExecutor$Worker.run(ThreadPoolExecutor.java:635)
	at java.base/java.lang.Thread.run(Thread.java:842)
</pre></td>
                                                                   </tr>
                                                                   <tr class='fail'>
                                                                       <td>2024-05-22 19:57:52</td>
                                                                       <td><span class='exception-link linked' extentid='29950dbd-9cdf-4908-a633-1fb7b566873f'>verifyNewAdminUserCreated</span></td>
                                                                       <td><pre class='exception-message'>java.lang.AssertionError: expected [true] but found [false]
	at org.testng.Assert.fail(Assert.java:111)
	at org.testng.Assert.failNotEquals(Assert.java:1578)
	at org.testng.Assert.assertTrue(Assert.java:57)
	at org.testng.Assert.assertTrue(Assert.java:67)
	at com.sevenrmartsupermarket.tests.AdminUsersTest.verifyNewAdminUserCreated(AdminUsersTest.java:58)
	at java.base/jdk.internal.reflect.NativeMethodAccessorImpl.invoke0(Native Method)
	at java.base/jdk.internal.reflect.NativeMethodAccessorImpl.invoke(NativeMethodAccessorImpl.java:77)
	at java.base/jdk.internal.reflect.DelegatingMethodAccessorImpl.invoke(DelegatingMethodAccessorImpl.java:43)
	at java.base/java.lang.reflect.Method.invoke(Method.java:568)
	at org.testng.internal.invokers.MethodInvocationHelper.invokeMethod(MethodInvocationHelper.java:139)
	at org.testng.internal.invokers.TestInvoker.invokeMethod(TestInvoker.java:664)
	at org.testng.internal.invokers.TestInvoker.invokeTestMethod(TestInvoker.java:227)
	at org.testng.internal.invokers.MethodRunner.runInSequence(MethodRunner.java:50)
	at org.testng.internal.invokers.TestInvoker$MethodInvocationAgent.invoke(TestInvoker.java:957)
	at org.testng.internal.invokers.TestInvoker.invokeTestMethods(TestInvoker.java:200)
	at org.testng.internal.invokers.TestMethodWorker.invokeTestMethods(TestMethodWorker.java:148)
	at org.testng.internal.invokers.TestMethodWorker.run(TestMethodWorker.java:128)
	at java.base/java.util.ArrayList.forEach(ArrayList.java:1511)
	at org.testng.TestRunner.privateRun(TestRunner.java:848)
	at org.testng.TestRunner.run(TestRunner.java:621)
	at org.testng.SuiteRunner.runTest(SuiteRunner.java:443)
	at org.testng.SuiteRunner$SuiteWorker.run(SuiteRunner.java:481)
	at org.testng.internal.thread.ThreadUtil.lambda$execute$0(ThreadUtil.java:58)
	at java.base/java.util.concurrent.FutureTask.run(FutureTask.java:264)
	at java.base/java.util.concurrent.ThreadPoolExecutor.runWorker(ThreadPoolExecutor.java:1136)
	at java.base/java.util.concurrent.ThreadPoolExecutor$Worker.run(ThreadPoolExecutor.java:635)
	at java.base/java.lang.Thread.run(Thread.java:842)
</pre></td>
                                                                   </tr>
                                                            </tbody>
														</table>
													</div>
												</div> 
											</li>
											<li class='exception-item displayed'>
												<div class='exception-head'>
													<span class='exception-name'>org.openqa.selenium.NoSuchElementException</span>
												</div>
												<div class='exception-test-count'>
													<span class='fail label'>8</span>
												</div>
												<div class='exception-body'>
													<div class='exception-tests'>
														<table class='bordered'>
															<thead>
																<tr>
																	<th>RunDate</th>
																	<th>Test Name</th>
																	<th>Exception</th>
																</tr>
															</thead>
															<tbody>
                                                                   <tr class='fail'>
                                                                       <td>2024-05-22 20:00:42</td>
                                                                       <td><span class='exception-link linked' extentid='e5e84f55-9d72-4fbd-8b55-3e9049235991'>searchDetailsOfOrder</span></td>
                                                                       <td><pre class='exception-message'>org.openqa.selenium.NoSuchElementException: no such element: Unable to locate element: {"method":"xpath","selector":"(//a[@class='small-box-footer'])[10]"}
  (Session info: chrome=124.0.6367.210)
For documentation on this error, please visit: https://www.selenium.dev/documentation/webdriver/troubleshooting/errors#no-such-element-exception
Build info: version: '4.18.1', revision: 'b1d3319b48'
System info: os.name: 'Windows 11', os.arch: 'amd64', os.version: '10.0', java.version: '17.0.10'
Driver info: org.openqa.selenium.chrome.ChromeDriver
Command: [f41d37321e1264d25d9d08a5d81e7b3c, findElement {using=xpath, value=(//a[@class='small-box-footer'])[10]}]
Capabilities {acceptInsecureCerts: false, browserName: chrome, browserVersion: 124.0.6367.210, chrome: {chromedriverVersion: 124.0.6367.207 (a9001a6e39f..., userDataDir: C:\Users\SUSMITHA\AppData\L...}, fedcm:accounts: true, goog:chromeOptions: {debuggerAddress: localhost:56626}, networkConnectionEnabled: false, pageLoadStrategy: normal, platformName: windows, proxy: Proxy(), se:cdp: ws://localhost:56626/devtoo..., se:cdpVersion: 124.0.6367.210, setWindowRect: true, strictFileInteractability: false, timeouts: {implicit: 0, pageLoad: 300000, script: 30000}, unhandledPromptBehavior: dismiss and notify, webauthn:extension:credBlob: true, webauthn:extension:largeBlob: true, webauthn:extension:minPinLength: true, webauthn:extension:prf: true, webauthn:virtualAuthenticators: true}
Session ID: f41d37321e1264d25d9d08a5d81e7b3c
	at java.base/jdk.internal.reflect.NativeConstructorAccessorImpl.newInstance0(Native Method)
	at java.base/jdk.internal.reflect.NativeConstructorAccessorImpl.newInstance(NativeConstructorAccessorImpl.java:77)
	at java.base/jdk.internal.reflect.DelegatingConstructorAccessorImpl.newInstance(DelegatingConstructorAccessorImpl.java:45)
	at java.base/java.lang.reflect.Constructor.newInstanceWithCaller(Constructor.java:499)
	at java.base/java.lang.reflect.Constructor.newInstance(Constructor.java:480)
	at org.openqa.selenium.remote.ErrorCodec.decode(ErrorCodec.java:167)
	at org.openqa.selenium.remote.codec.w3c.W3CHttpResponseCodec.decode(W3CHttpResponseCodec.java:138)
	at org.openqa.selenium.remote.codec.w3c.W3CHttpResponseCodec.decode(W3CHttpResponseCodec.java:50)
	at org.openqa.selenium.remote.HttpCommandExecutor.execute(HttpCommandExecutor.java:190)
	at org.openqa.selenium.remote.service.DriverCommandExecutor.invokeExecute(DriverCommandExecutor.java:216)
	at org.openqa.selenium.remote.service.DriverCommandExecutor.execute(DriverCommandExecutor.java:174)
	at org.openqa.selenium.remote.RemoteWebDriver.execute(RemoteWebDriver.java:519)
	at org.openqa.selenium.remote.ElementLocation$ElementFinder$2.findElement(ElementLocation.java:165)
	at org.openqa.selenium.remote.ElementLocation.findElement(ElementLocation.java:59)
	at org.openqa.selenium.remote.RemoteWebDriver.findElement(RemoteWebDriver.java:356)
	at org.openqa.selenium.remote.RemoteWebDriver.findElement(RemoteWebDriver.java:350)
	at org.openqa.selenium.support.pagefactory.DefaultElementLocator.findElement(DefaultElementLocator.java:68)
	at org.openqa.selenium.support.pagefactory.internal.LocatingElementHandler.invoke(LocatingElementHandler.java:38)
	at jdk.proxy2/jdk.proxy2.$Proxy10.click(Unknown Source)
	at com.sevenrmartsupermarket.pages.HomePage.clickOnManageOrders(HomePage.java:72)
	at com.sevenrmartsupermarket.tests.ManageOrdersTest.searchDetailsOfOrder(ManageOrdersTest.java:26)
	at java.base/jdk.internal.reflect.NativeMethodAccessorImpl.invoke0(Native Method)
	at java.base/jdk.internal.reflect.NativeMethodAccessorImpl.invoke(NativeMethodAccessorImpl.java:77)
	at java.base/jdk.internal.reflect.DelegatingMethodAccessorImpl.invoke(DelegatingMethodAccessorImpl.java:43)
	at java.base/java.lang.reflect.Method.invoke(Method.java:568)
	at org.testng.internal.invokers.MethodInvocationHelper.invokeMethod(MethodInvocationHelper.java:139)
	at org.testng.internal.invokers.TestInvoker.invokeMethod(TestInvoker.java:664)
	at org.testng.internal.invokers.TestInvoker.invokeTestMethod(TestInvoker.java:227)
	at org.testng.internal.invokers.MethodRunner.runInSequence(MethodRunner.java:50)
	at org.testng.internal.invokers.TestInvoker$MethodInvocationAgent.invoke(TestInvoker.java:957)
	at org.testng.internal.invokers.TestInvoker.invokeTestMethods(TestInvoker.java:200)
	at org.testng.internal.invokers.TestMethodWorker.invokeTestMethods(TestMethodWorker.java:148)
	at org.testng.internal.invokers.TestMethodWorker.run(TestMethodWorker.java:128)
	at java.base/java.util.ArrayList.forEach(ArrayList.java:1511)
	at org.testng.TestRunner.privateRun(TestRunner.java:848)
	at org.testng.TestRunner.run(TestRunner.java:621)
	at org.testng.SuiteRunner.runTest(SuiteRunner.java:443)
	at org.testng.SuiteRunner$SuiteWorker.run(SuiteRunner.java:481)
	at org.testng.internal.thread.ThreadUtil.lambda$execute$0(ThreadUtil.java:58)
	at java.base/java.util.concurrent.FutureTask.run(FutureTask.java:264)
	at java.base/java.util.concurrent.ThreadPoolExecutor.runWorker(ThreadPoolExecutor.java:1136)
	at java.base/java.util.concurrent.ThreadPoolExecutor$Worker.run(ThreadPoolExecutor.java:635)
	at java.base/java.lang.Thread.run(Thread.java:842)
</pre></td>
                                                                   </tr>
                                                                   <tr class='fail'>
                                                                       <td>2024-05-22 20:00:22</td>
                                                                       <td><span class='exception-link linked' extentid='8df4f311-5244-4784-88d9-13d49ad7f219'>searchDetailsOfOrder</span></td>
                                                                       <td><pre class='exception-message'>org.openqa.selenium.NoSuchElementException: no such element: Unable to locate element: {"method":"xpath","selector":"(//a[@class='small-box-footer'])[10]"}
  (Session info: chrome=124.0.6367.210)
For documentation on this error, please visit: https://www.selenium.dev/documentation/webdriver/troubleshooting/errors#no-such-element-exception
Build info: version: '4.18.1', revision: 'b1d3319b48'
System info: os.name: 'Windows 11', os.arch: 'amd64', os.version: '10.0', java.version: '17.0.10'
Driver info: org.openqa.selenium.chrome.ChromeDriver
Command: [c9bcbfc0ebf2b5593bdcd5faf0095bb5, findElement {using=xpath, value=(//a[@class='small-box-footer'])[10]}]
Capabilities {acceptInsecureCerts: false, browserName: chrome, browserVersion: 124.0.6367.210, chrome: {chromedriverVersion: 124.0.6367.207 (a9001a6e39f..., userDataDir: C:\Users\SUSMITHA\AppData\L...}, fedcm:accounts: true, goog:chromeOptions: {debuggerAddress: localhost:56566}, networkConnectionEnabled: false, pageLoadStrategy: normal, platformName: windows, proxy: Proxy(), se:cdp: ws://localhost:56566/devtoo..., se:cdpVersion: 124.0.6367.210, setWindowRect: true, strictFileInteractability: false, timeouts: {implicit: 0, pageLoad: 300000, script: 30000}, unhandledPromptBehavior: dismiss and notify, webauthn:extension:credBlob: true, webauthn:extension:largeBlob: true, webauthn:extension:minPinLength: true, webauthn:extension:prf: true, webauthn:virtualAuthenticators: true}
Session ID: c9bcbfc0ebf2b5593bdcd5faf0095bb5
	at java.base/jdk.internal.reflect.NativeConstructorAccessorImpl.newInstance0(Native Method)
	at java.base/jdk.internal.reflect.NativeConstructorAccessorImpl.newInstance(NativeConstructorAccessorImpl.java:77)
	at java.base/jdk.internal.reflect.DelegatingConstructorAccessorImpl.newInstance(DelegatingConstructorAccessorImpl.java:45)
	at java.base/java.lang.reflect.Constructor.newInstanceWithCaller(Constructor.java:499)
	at java.base/java.lang.reflect.Constructor.newInstance(Constructor.java:480)
	at org.openqa.selenium.remote.ErrorCodec.decode(ErrorCodec.java:167)
	at org.openqa.selenium.remote.codec.w3c.W3CHttpResponseCodec.decode(W3CHttpResponseCodec.java:138)
	at org.openqa.selenium.remote.codec.w3c.W3CHttpResponseCodec.decode(W3CHttpResponseCodec.java:50)
	at org.openqa.selenium.remote.HttpCommandExecutor.execute(HttpCommandExecutor.java:190)
	at org.openqa.selenium.remote.service.DriverCommandExecutor.invokeExecute(DriverCommandExecutor.java:216)
	at org.openqa.selenium.remote.service.DriverCommandExecutor.execute(DriverCommandExecutor.java:174)
	at org.openqa.selenium.remote.RemoteWebDriver.execute(RemoteWebDriver.java:519)
	at org.openqa.selenium.remote.ElementLocation$ElementFinder$2.findElement(ElementLocation.java:165)
	at org.openqa.selenium.remote.ElementLocation.findElement(ElementLocation.java:59)
	at org.openqa.selenium.remote.RemoteWebDriver.findElement(RemoteWebDriver.java:356)
	at org.openqa.selenium.remote.RemoteWebDriver.findElement(RemoteWebDriver.java:350)
	at org.openqa.selenium.support.pagefactory.DefaultElementLocator.findElement(DefaultElementLocator.java:68)
	at org.openqa.selenium.support.pagefactory.internal.LocatingElementHandler.invoke(LocatingElementHandler.java:38)
	at jdk.proxy2/jdk.proxy2.$Proxy10.click(Unknown Source)
	at com.sevenrmartsupermarket.pages.HomePage.clickOnManageOrders(HomePage.java:72)
	at com.sevenrmartsupermarket.tests.ManageOrdersTest.searchDetailsOfOrder(ManageOrdersTest.java:26)
	at java.base/jdk.internal.reflect.NativeMethodAccessorImpl.invoke0(Native Method)
	at java.base/jdk.internal.reflect.NativeMethodAccessorImpl.invoke(NativeMethodAccessorImpl.java:77)
	at java.base/jdk.internal.reflect.DelegatingMethodAccessorImpl.invoke(DelegatingMethodAccessorImpl.java:43)
	at java.base/java.lang.reflect.Method.invoke(Method.java:568)
	at org.testng.internal.invokers.MethodInvocationHelper.invokeMethod(MethodInvocationHelper.java:139)
	at org.testng.internal.invokers.TestInvoker.invokeMethod(TestInvoker.java:664)
	at org.testng.internal.invokers.TestInvoker.invokeTestMethod(TestInvoker.java:227)
	at org.testng.internal.invokers.MethodRunner.runInSequence(MethodRunner.java:50)
	at org.testng.internal.invokers.TestInvoker$MethodInvocationAgent.invoke(TestInvoker.java:957)
	at org.testng.internal.invokers.TestInvoker.invokeTestMethods(TestInvoker.java:200)
	at org.testng.internal.invokers.TestMethodWorker.invokeTestMethods(TestMethodWorker.java:148)
	at org.testng.internal.invokers.TestMethodWorker.run(TestMethodWorker.java:128)
	at java.base/java.util.ArrayList.forEach(ArrayList.java:1511)
	at org.testng.TestRunner.privateRun(TestRunner.java:848)
	at org.testng.TestRunner.run(TestRunner.java:621)
	at org.testng.SuiteRunner.runTest(SuiteRunner.java:443)
	at org.testng.SuiteRunner$SuiteWorker.run(SuiteRunner.java:481)
	at org.testng.internal.thread.ThreadUtil.lambda$execute$0(ThreadUtil.java:58)
	at java.base/java.util.concurrent.FutureTask.run(FutureTask.java:264)
	at java.base/java.util.concurrent.ThreadPoolExecutor.runWorker(ThreadPoolExecutor.java:1136)
	at java.base/java.util.concurrent.ThreadPoolExecutor$Worker.run(ThreadPoolExecutor.java:635)
	at java.base/java.lang.Thread.run(Thread.java:842)
</pre></td>
                                                                   </tr>
                                                                   <tr class='fail'>
                                                                       <td>2024-05-22 20:00:02</td>
                                                                       <td><span class='exception-link linked' extentid='4dd433e8-ffaf-4f86-ae3b-ce6087776ddd'>searchDetailsOfOrder</span></td>
                                                                       <td><pre class='exception-message'>org.openqa.selenium.NoSuchElementException: no such element: Unable to locate element: {"method":"xpath","selector":"(//a[@class='small-box-footer'])[10]"}
  (Session info: chrome=124.0.6367.210)
For documentation on this error, please visit: https://www.selenium.dev/documentation/webdriver/troubleshooting/errors#no-such-element-exception
Build info: version: '4.18.1', revision: 'b1d3319b48'
System info: os.name: 'Windows 11', os.arch: 'amd64', os.version: '10.0', java.version: '17.0.10'
Driver info: org.openqa.selenium.chrome.ChromeDriver
Command: [270a3372f1c9e50a847d8b51f4ce33f0, findElement {using=xpath, value=(//a[@class='small-box-footer'])[10]}]
Capabilities {acceptInsecureCerts: false, browserName: chrome, browserVersion: 124.0.6367.210, chrome: {chromedriverVersion: 124.0.6367.207 (a9001a6e39f..., userDataDir: C:\Users\SUSMITHA\AppData\L...}, fedcm:accounts: true, goog:chromeOptions: {debuggerAddress: localhost:56478}, networkConnectionEnabled: false, pageLoadStrategy: normal, platformName: windows, proxy: Proxy(), se:cdp: ws://localhost:56478/devtoo..., se:cdpVersion: 124.0.6367.210, setWindowRect: true, strictFileInteractability: false, timeouts: {implicit: 0, pageLoad: 300000, script: 30000}, unhandledPromptBehavior: dismiss and notify, webauthn:extension:credBlob: true, webauthn:extension:largeBlob: true, webauthn:extension:minPinLength: true, webauthn:extension:prf: true, webauthn:virtualAuthenticators: true}
Session ID: 270a3372f1c9e50a847d8b51f4ce33f0
	at java.base/jdk.internal.reflect.NativeConstructorAccessorImpl.newInstance0(Native Method)
	at java.base/jdk.internal.reflect.NativeConstructorAccessorImpl.newInstance(NativeConstructorAccessorImpl.java:77)
	at java.base/jdk.internal.reflect.DelegatingConstructorAccessorImpl.newInstance(DelegatingConstructorAccessorImpl.java:45)
	at java.base/java.lang.reflect.Constructor.newInstanceWithCaller(Constructor.java:499)
	at java.base/java.lang.reflect.Constructor.newInstance(Constructor.java:480)
	at org.openqa.selenium.remote.ErrorCodec.decode(ErrorCodec.java:167)
	at org.openqa.selenium.remote.codec.w3c.W3CHttpResponseCodec.decode(W3CHttpResponseCodec.java:138)
	at org.openqa.selenium.remote.codec.w3c.W3CHttpResponseCodec.decode(W3CHttpResponseCodec.java:50)
	at org.openqa.selenium.remote.HttpCommandExecutor.execute(HttpCommandExecutor.java:190)
	at org.openqa.selenium.remote.service.DriverCommandExecutor.invokeExecute(DriverCommandExecutor.java:216)
	at org.openqa.selenium.remote.service.DriverCommandExecutor.execute(DriverCommandExecutor.java:174)
	at org.openqa.selenium.remote.RemoteWebDriver.execute(RemoteWebDriver.java:519)
	at org.openqa.selenium.remote.ElementLocation$ElementFinder$2.findElement(ElementLocation.java:165)
	at org.openqa.selenium.remote.ElementLocation.findElement(ElementLocation.java:59)
	at org.openqa.selenium.remote.RemoteWebDriver.findElement(RemoteWebDriver.java:356)
	at org.openqa.selenium.remote.RemoteWebDriver.findElement(RemoteWebDriver.java:350)
	at org.openqa.selenium.support.pagefactory.DefaultElementLocator.findElement(DefaultElementLocator.java:68)
	at org.openqa.selenium.support.pagefactory.internal.LocatingElementHandler.invoke(LocatingElementHandler.java:38)
	at jdk.proxy2/jdk.proxy2.$Proxy10.click(Unknown Source)
	at com.sevenrmartsupermarket.pages.HomePage.clickOnManageOrders(HomePage.java:72)
	at com.sevenrmartsupermarket.tests.ManageOrdersTest.searchDetailsOfOrder(ManageOrdersTest.java:26)
	at java.base/jdk.internal.reflect.NativeMethodAccessorImpl.invoke0(Native Method)
	at java.base/jdk.internal.reflect.NativeMethodAccessorImpl.invoke(NativeMethodAccessorImpl.java:77)
	at java.base/jdk.internal.reflect.DelegatingMethodAccessorImpl.invoke(DelegatingMethodAccessorImpl.java:43)
	at java.base/java.lang.reflect.Method.invoke(Method.java:568)
	at org.testng.internal.invokers.MethodInvocationHelper.invokeMethod(MethodInvocationHelper.java:139)
	at org.testng.internal.invokers.TestInvoker.invokeMethod(TestInvoker.java:664)
	at org.testng.internal.invokers.TestInvoker.invokeTestMethod(TestInvoker.java:227)
	at org.testng.internal.invokers.MethodRunner.runInSequence(MethodRunner.java:50)
	at org.testng.internal.invokers.TestInvoker$MethodInvocationAgent.invoke(TestInvoker.java:957)
	at org.testng.internal.invokers.TestInvoker.invokeTestMethods(TestInvoker.java:200)
	at org.testng.internal.invokers.TestMethodWorker.invokeTestMethods(TestMethodWorker.java:148)
	at org.testng.internal.invokers.TestMethodWorker.run(TestMethodWorker.java:128)
	at java.base/java.util.ArrayList.forEach(ArrayList.java:1511)
	at org.testng.TestRunner.privateRun(TestRunner.java:848)
	at org.testng.TestRunner.run(TestRunner.java:621)
	at org.testng.SuiteRunner.runTest(SuiteRunner.java:443)
	at org.testng.SuiteRunner$SuiteWorker.run(SuiteRunner.java:481)
	at org.testng.internal.thread.ThreadUtil.lambda$execute$0(ThreadUtil.java:58)
	at java.base/java.util.concurrent.FutureTask.run(FutureTask.java:264)
	at java.base/java.util.concurrent.ThreadPoolExecutor.runWorker(ThreadPoolExecutor.java:1136)
	at java.base/java.util.concurrent.ThreadPoolExecutor$Worker.run(ThreadPoolExecutor.java:635)
	at java.base/java.lang.Thread.run(Thread.java:842)
</pre></td>
                                                                   </tr>
                                                                   <tr class='fail'>
                                                                       <td>2024-05-22 19:58:19</td>
                                                                       <td><span class='exception-link linked' extentid='c656bdb5-fef9-4917-8172-ed5dabc3566e'>verifyUserDeactivation</span></td>
                                                                       <td><pre class='exception-message'>org.openqa.selenium.NoSuchElementException: no such element: Unable to locate element: {"method":"xpath","selector":"//table//tr[40]//td[5]//a[1]"}
  (Session info: chrome=124.0.6367.210)
For documentation on this error, please visit: https://www.selenium.dev/documentation/webdriver/troubleshooting/errors#no-such-element-exception
Build info: version: '4.18.1', revision: 'b1d3319b48'
System info: os.name: 'Windows 11', os.arch: 'amd64', os.version: '10.0', java.version: '17.0.10'
Driver info: org.openqa.selenium.chrome.ChromeDriver
Command: [075d65a1cbeef9a1ee9f290058c65671, findElement {using=xpath, value=//table//tr[40]//td[5]//a[1]}]
Capabilities {acceptInsecureCerts: false, browserName: chrome, browserVersion: 124.0.6367.210, chrome: {chromedriverVersion: 124.0.6367.207 (a9001a6e39f..., userDataDir: C:\Users\SUSMITHA\AppData\L...}, fedcm:accounts: true, goog:chromeOptions: {debuggerAddress: localhost:55975}, networkConnectionEnabled: false, pageLoadStrategy: normal, platformName: windows, proxy: Proxy(), se:cdp: ws://localhost:55975/devtoo..., se:cdpVersion: 124.0.6367.210, setWindowRect: true, strictFileInteractability: false, timeouts: {implicit: 0, pageLoad: 300000, script: 30000}, unhandledPromptBehavior: dismiss and notify, webauthn:extension:credBlob: true, webauthn:extension:largeBlob: true, webauthn:extension:minPinLength: true, webauthn:extension:prf: true, webauthn:virtualAuthenticators: true}
Session ID: 075d65a1cbeef9a1ee9f290058c65671
	at java.base/jdk.internal.reflect.NativeConstructorAccessorImpl.newInstance0(Native Method)
	at java.base/jdk.internal.reflect.NativeConstructorAccessorImpl.newInstance(NativeConstructorAccessorImpl.java:77)
	at java.base/jdk.internal.reflect.DelegatingConstructorAccessorImpl.newInstance(DelegatingConstructorAccessorImpl.java:45)
	at java.base/java.lang.reflect.Constructor.newInstanceWithCaller(Constructor.java:499)
	at java.base/java.lang.reflect.Constructor.newInstance(Constructor.java:480)
	at org.openqa.selenium.remote.ErrorCodec.decode(ErrorCodec.java:167)
	at org.openqa.selenium.remote.codec.w3c.W3CHttpResponseCodec.decode(W3CHttpResponseCodec.java:138)
	at org.openqa.selenium.remote.codec.w3c.W3CHttpResponseCodec.decode(W3CHttpResponseCodec.java:50)
	at org.openqa.selenium.remote.HttpCommandExecutor.execute(HttpCommandExecutor.java:190)
	at org.openqa.selenium.remote.service.DriverCommandExecutor.invokeExecute(DriverCommandExecutor.java:216)
	at org.openqa.selenium.remote.service.DriverCommandExecutor.execute(DriverCommandExecutor.java:174)
	at org.openqa.selenium.remote.RemoteWebDriver.execute(RemoteWebDriver.java:519)
	at org.openqa.selenium.remote.ElementLocation$ElementFinder$2.findElement(ElementLocation.java:165)
	at org.openqa.selenium.remote.ElementLocation.findElement(ElementLocation.java:59)
	at org.openqa.selenium.remote.RemoteWebDriver.findElement(RemoteWebDriver.java:356)
	at org.openqa.selenium.remote.RemoteWebDriver.findElement(RemoteWebDriver.java:350)
	at com.sevenrmartsupermarket.pages.AdminUsersPage.deactivateUser(AdminUsersPage.java:116)
	at com.sevenrmartsupermarket.tests.AdminUsersTest.verifyUserDeactivation(AdminUsersTest.java:70)
	at java.base/jdk.internal.reflect.NativeMethodAccessorImpl.invoke0(Native Method)
	at java.base/jdk.internal.reflect.NativeMethodAccessorImpl.invoke(NativeMethodAccessorImpl.java:77)
	at java.base/jdk.internal.reflect.DelegatingMethodAccessorImpl.invoke(DelegatingMethodAccessorImpl.java:43)
	at java.base/java.lang.reflect.Method.invoke(Method.java:568)
	at org.testng.internal.invokers.MethodInvocationHelper.invokeMethod(MethodInvocationHelper.java:139)
	at org.testng.internal.invokers.TestInvoker.invokeMethod(TestInvoker.java:664)
	at org.testng.internal.invokers.TestInvoker.invokeTestMethod(TestInvoker.java:227)
	at org.testng.internal.invokers.MethodRunner.runInSequence(MethodRunner.java:50)
	at org.testng.internal.invokers.TestInvoker$MethodInvocationAgent.invoke(TestInvoker.java:957)
	at org.testng.internal.invokers.TestInvoker.invokeTestMethods(TestInvoker.java:200)
	at org.testng.internal.invokers.TestMethodWorker.invokeTestMethods(TestMethodWorker.java:148)
	at org.testng.internal.invokers.TestMethodWorker.run(TestMethodWorker.java:128)
	at java.base/java.util.ArrayList.forEach(ArrayList.java:1511)
	at org.testng.TestRunner.privateRun(TestRunner.java:848)
	at org.testng.TestRunner.run(TestRunner.java:621)
	at org.testng.SuiteRunner.runTest(SuiteRunner.java:443)
	at org.testng.SuiteRunner$SuiteWorker.run(SuiteRunner.java:481)
	at org.testng.internal.thread.ThreadUtil.lambda$execute$0(ThreadUtil.java:58)
	at java.base/java.util.concurrent.FutureTask.run(FutureTask.java:264)
	at java.base/java.util.concurrent.ThreadPoolExecutor.runWorker(ThreadPoolExecutor.java:1136)
	at java.base/java.util.concurrent.ThreadPoolExecutor$Worker.run(ThreadPoolExecutor.java:635)
	at java.base/java.lang.Thread.run(Thread.java:842)
</pre></td>
                                                                   </tr>
                                                                   <tr class='fail'>
                                                                       <td>2024-05-22 19:57:31</td>
                                                                       <td><span class='exception-link linked' extentid='00d8dfe8-b8d4-450d-9f69-3fc08a34b57b'>verifyEditUserDetailsFunctionality</span></td>
                                                                       <td><pre class='exception-message'>org.openqa.selenium.NoSuchElementException: no such element: Unable to locate element: {"method":"xpath","selector":"//table//tr[40]//td[5]//a[2]"}
  (Session info: chrome=124.0.6367.210)
For documentation on this error, please visit: https://www.selenium.dev/documentation/webdriver/troubleshooting/errors#no-such-element-exception
Build info: version: '4.18.1', revision: 'b1d3319b48'
System info: os.name: 'Windows 11', os.arch: 'amd64', os.version: '10.0', java.version: '17.0.10'
Driver info: org.openqa.selenium.chrome.ChromeDriver
Command: [eaaa6448e3b7380b1549c524db63a792, findElement {using=xpath, value=//table//tr[40]//td[5]//a[2]}]
Capabilities {acceptInsecureCerts: false, browserName: chrome, browserVersion: 124.0.6367.210, chrome: {chromedriverVersion: 124.0.6367.207 (a9001a6e39f..., userDataDir: C:\Users\SUSMITHA\AppData\L...}, fedcm:accounts: true, goog:chromeOptions: {debuggerAddress: localhost:55703}, networkConnectionEnabled: false, pageLoadStrategy: normal, platformName: windows, proxy: Proxy(), se:cdp: ws://localhost:55703/devtoo..., se:cdpVersion: 124.0.6367.210, setWindowRect: true, strictFileInteractability: false, timeouts: {implicit: 0, pageLoad: 300000, script: 30000}, unhandledPromptBehavior: dismiss and notify, webauthn:extension:credBlob: true, webauthn:extension:largeBlob: true, webauthn:extension:minPinLength: true, webauthn:extension:prf: true, webauthn:virtualAuthenticators: true}
Session ID: eaaa6448e3b7380b1549c524db63a792
	at java.base/jdk.internal.reflect.NativeConstructorAccessorImpl.newInstance0(Native Method)
	at java.base/jdk.internal.reflect.NativeConstructorAccessorImpl.newInstance(NativeConstructorAccessorImpl.java:77)
	at java.base/jdk.internal.reflect.DelegatingConstructorAccessorImpl.newInstance(DelegatingConstructorAccessorImpl.java:45)
	at java.base/java.lang.reflect.Constructor.newInstanceWithCaller(Constructor.java:499)
	at java.base/java.lang.reflect.Constructor.newInstance(Constructor.java:480)
	at org.openqa.selenium.remote.ErrorCodec.decode(ErrorCodec.java:167)
	at org.openqa.selenium.remote.codec.w3c.W3CHttpResponseCodec.decode(W3CHttpResponseCodec.java:138)
	at org.openqa.selenium.remote.codec.w3c.W3CHttpResponseCodec.decode(W3CHttpResponseCodec.java:50)
	at org.openqa.selenium.remote.HttpCommandExecutor.execute(HttpCommandExecutor.java:190)
	at org.openqa.selenium.remote.service.DriverCommandExecutor.invokeExecute(DriverCommandExecutor.java:216)
	at org.openqa.selenium.remote.service.DriverCommandExecutor.execute(DriverCommandExecutor.java:174)
	at org.openqa.selenium.remote.RemoteWebDriver.execute(RemoteWebDriver.java:519)
	at org.openqa.selenium.remote.ElementLocation$ElementFinder$2.findElement(ElementLocation.java:165)
	at org.openqa.selenium.remote.ElementLocation.findElement(ElementLocation.java:59)
	at org.openqa.selenium.remote.RemoteWebDriver.findElement(RemoteWebDriver.java:356)
	at org.openqa.selenium.remote.RemoteWebDriver.findElement(RemoteWebDriver.java:350)
	at com.sevenrmartsupermarket.pages.AdminUsersPage.clickOnEditButton(AdminUsersPage.java:156)
	at com.sevenrmartsupermarket.pages.AdminUsersPage.editUserDetails(AdminUsersPage.java:184)
	at com.sevenrmartsupermarket.tests.AdminUsersTest.verifyEditUserDetailsFunctionality(AdminUsersTest.java:81)
	at java.base/jdk.internal.reflect.NativeMethodAccessorImpl.invoke0(Native Method)
	at java.base/jdk.internal.reflect.NativeMethodAccessorImpl.invoke(NativeMethodAccessorImpl.java:77)
	at java.base/jdk.internal.reflect.DelegatingMethodAccessorImpl.invoke(DelegatingMethodAccessorImpl.java:43)
	at java.base/java.lang.reflect.Method.invoke(Method.java:568)
	at org.testng.internal.invokers.MethodInvocationHelper.invokeMethod(MethodInvocationHelper.java:139)
	at org.testng.internal.invokers.TestInvoker.invokeMethod(TestInvoker.java:664)
	at org.testng.internal.invokers.TestInvoker.invokeTestMethod(TestInvoker.java:227)
	at org.testng.internal.invokers.MethodRunner.runInSequence(MethodRunner.java:50)
	at org.testng.internal.invokers.TestInvoker$MethodInvocationAgent.invoke(TestInvoker.java:957)
	at org.testng.internal.invokers.TestInvoker.invokeTestMethods(TestInvoker.java:200)
	at org.testng.internal.invokers.TestMethodWorker.invokeTestMethods(TestMethodWorker.java:148)
	at org.testng.internal.invokers.TestMethodWorker.run(TestMethodWorker.java:128)
	at java.base/java.util.ArrayList.forEach(ArrayList.java:1511)
	at org.testng.TestRunner.privateRun(TestRunner.java:848)
	at org.testng.TestRunner.run(TestRunner.java:621)
	at org.testng.SuiteRunner.runTest(SuiteRunner.java:443)
	at org.testng.SuiteRunner$SuiteWorker.run(SuiteRunner.java:481)
	at org.testng.internal.thread.ThreadUtil.lambda$execute$0(ThreadUtil.java:58)
	at java.base/java.util.concurrent.FutureTask.run(FutureTask.java:264)
	at java.base/java.util.concurrent.ThreadPoolExecutor.runWorker(ThreadPoolExecutor.java:1136)
	at java.base/java.util.concurrent.ThreadPoolExecutor$Worker.run(ThreadPoolExecutor.java:635)
	at java.base/java.lang.Thread.run(Thread.java:842)
</pre></td>
                                                                   </tr>
                                                                   <tr class='fail'>
                                                                       <td>2024-05-22 19:59:25</td>
                                                                       <td><span class='exception-link linked' extentid='93b2624d-6516-4dc2-8e7b-257ac4cf8085'>verifyUserProfileDeletion</span></td>
                                                                       <td><pre class='exception-message'>org.openqa.selenium.NoSuchElementException: no such element: Unable to locate element: {"method":"xpath","selector":"//table//tr[40]//td[5]//a[3]"}
  (Session info: chrome=124.0.6367.210)
For documentation on this error, please visit: https://www.selenium.dev/documentation/webdriver/troubleshooting/errors#no-such-element-exception
Build info: version: '4.18.1', revision: 'b1d3319b48'
System info: os.name: 'Windows 11', os.arch: 'amd64', os.version: '10.0', java.version: '17.0.10'
Driver info: org.openqa.selenium.chrome.ChromeDriver
Command: [775d5746927d69140960b0fcca5f1026, findElement {using=xpath, value=//table//tr[40]//td[5]//a[3]}]
Capabilities {acceptInsecureCerts: false, browserName: chrome, browserVersion: 124.0.6367.210, chrome: {chromedriverVersion: 124.0.6367.207 (a9001a6e39f..., userDataDir: C:\Users\SUSMITHA\AppData\L...}, fedcm:accounts: true, goog:chromeOptions: {debuggerAddress: localhost:56289}, networkConnectionEnabled: false, pageLoadStrategy: normal, platformName: windows, proxy: Proxy(), se:cdp: ws://localhost:56289/devtoo..., se:cdpVersion: 124.0.6367.210, setWindowRect: true, strictFileInteractability: false, timeouts: {implicit: 0, pageLoad: 300000, script: 30000}, unhandledPromptBehavior: dismiss and notify, webauthn:extension:credBlob: true, webauthn:extension:largeBlob: true, webauthn:extension:minPinLength: true, webauthn:extension:prf: true, webauthn:virtualAuthenticators: true}
Session ID: 775d5746927d69140960b0fcca5f1026
	at java.base/jdk.internal.reflect.NativeConstructorAccessorImpl.newInstance0(Native Method)
	at java.base/jdk.internal.reflect.NativeConstructorAccessorImpl.newInstance(NativeConstructorAccessorImpl.java:77)
	at java.base/jdk.internal.reflect.DelegatingConstructorAccessorImpl.newInstance(DelegatingConstructorAccessorImpl.java:45)
	at java.base/java.lang.reflect.Constructor.newInstanceWithCaller(Constructor.java:499)
	at java.base/java.lang.reflect.Constructor.newInstance(Constructor.java:480)
	at org.openqa.selenium.remote.ErrorCodec.decode(ErrorCodec.java:167)
	at org.openqa.selenium.remote.codec.w3c.W3CHttpResponseCodec.decode(W3CHttpResponseCodec.java:138)
	at org.openqa.selenium.remote.codec.w3c.W3CHttpResponseCodec.decode(W3CHttpResponseCodec.java:50)
	at org.openqa.selenium.remote.HttpCommandExecutor.execute(HttpCommandExecutor.java:190)
	at org.openqa.selenium.remote.service.DriverCommandExecutor.invokeExecute(DriverCommandExecutor.java:216)
	at org.openqa.selenium.remote.service.DriverCommandExecutor.execute(DriverCommandExecutor.java:174)
	at org.openqa.selenium.remote.RemoteWebDriver.execute(RemoteWebDriver.java:519)
	at org.openqa.selenium.remote.ElementLocation$ElementFinder$2.findElement(ElementLocation.java:165)
	at org.openqa.selenium.remote.ElementLocation.findElement(ElementLocation.java:59)
	at org.openqa.selenium.remote.RemoteWebDriver.findElement(RemoteWebDriver.java:356)
	at org.openqa.selenium.remote.RemoteWebDriver.findElement(RemoteWebDriver.java:350)
	at com.sevenrmartsupermarket.pages.AdminUsersPage.deleteUser(AdminUsersPage.java:213)
	at com.sevenrmartsupermarket.tests.AdminUsersTest.verifyUserProfileDeletion(AdminUsersTest.java:98)
	at java.base/jdk.internal.reflect.NativeMethodAccessorImpl.invoke0(Native Method)
	at java.base/jdk.internal.reflect.NativeMethodAccessorImpl.invoke(NativeMethodAccessorImpl.java:77)
	at java.base/jdk.internal.reflect.DelegatingMethodAccessorImpl.invoke(DelegatingMethodAccessorImpl.java:43)
	at java.base/java.lang.reflect.Method.invoke(Method.java:568)
	at org.testng.internal.invokers.MethodInvocationHelper.invokeMethod(MethodInvocationHelper.java:139)
	at org.testng.internal.invokers.TestInvoker.invokeMethod(TestInvoker.java:664)
	at org.testng.internal.invokers.TestInvoker.retryFailed(TestInvoker.java:248)
	at org.testng.internal.invokers.MethodRunner.runInSequence(MethodRunner.java:62)
	at org.testng.internal.invokers.TestInvoker$MethodInvocationAgent.invoke(TestInvoker.java:957)
	at org.testng.internal.invokers.TestInvoker.invokeTestMethods(TestInvoker.java:200)
	at org.testng.internal.invokers.TestMethodWorker.invokeTestMethods(TestMethodWorker.java:148)
	at org.testng.internal.invokers.TestMethodWorker.run(TestMethodWorker.java:128)
	at java.base/java.util.ArrayList.forEach(ArrayList.java:1511)
	at org.testng.TestRunner.privateRun(TestRunner.java:848)
	at org.testng.TestRunner.run(TestRunner.java:621)
	at org.testng.SuiteRunner.runTest(SuiteRunner.java:443)
	at org.testng.SuiteRunner$SuiteWorker.run(SuiteRunner.java:481)
	at org.testng.internal.thread.ThreadUtil.lambda$execute$0(ThreadUtil.java:58)
	at java.base/java.util.concurrent.FutureTask.run(FutureTask.java:264)
	at java.base/java.util.concurrent.ThreadPoolExecutor.runWorker(ThreadPoolExecutor.java:1136)
	at java.base/java.util.concurrent.ThreadPoolExecutor$Worker.run(ThreadPoolExecutor.java:635)
	at java.base/java.lang.Thread.run(Thread.java:842)
</pre></td>
                                                                   </tr>
                                                                   <tr class='skip'>
                                                                       <td>2024-05-22 19:58:43</td>
                                                                       <td><span class='exception-link linked' extentid='e0cd4ead-2d00-4e49-a2ab-a8e4b87aa430'>verifyUserProfileDeletion</span></td>
                                                                       <td><pre class='exception-message'>org.openqa.selenium.NoSuchElementException: no such element: Unable to locate element: {"method":"xpath","selector":"//table//tr[40]//td[5]//a[3]"}
  (Session info: chrome=124.0.6367.210)
For documentation on this error, please visit: https://www.selenium.dev/documentation/webdriver/troubleshooting/errors#no-such-element-exception
Build info: version: '4.18.1', revision: 'b1d3319b48'
System info: os.name: 'Windows 11', os.arch: 'amd64', os.version: '10.0', java.version: '17.0.10'
Driver info: org.openqa.selenium.chrome.ChromeDriver
Command: [7b113898e4581a842bc8e021f7ad4dca, findElement {using=xpath, value=//table//tr[40]//td[5]//a[3]}]
Capabilities {acceptInsecureCerts: false, browserName: chrome, browserVersion: 124.0.6367.210, chrome: {chromedriverVersion: 124.0.6367.207 (a9001a6e39f..., userDataDir: C:\Users\SUSMITHA\AppData\L...}, fedcm:accounts: true, goog:chromeOptions: {debuggerAddress: localhost:56119}, networkConnectionEnabled: false, pageLoadStrategy: normal, platformName: windows, proxy: Proxy(), se:cdp: ws://localhost:56119/devtoo..., se:cdpVersion: 124.0.6367.210, setWindowRect: true, strictFileInteractability: false, timeouts: {implicit: 0, pageLoad: 300000, script: 30000}, unhandledPromptBehavior: dismiss and notify, webauthn:extension:credBlob: true, webauthn:extension:largeBlob: true, webauthn:extension:minPinLength: true, webauthn:extension:prf: true, webauthn:virtualAuthenticators: true}
Session ID: 7b113898e4581a842bc8e021f7ad4dca
	at java.base/jdk.internal.reflect.NativeConstructorAccessorImpl.newInstance0(Native Method)
	at java.base/jdk.internal.reflect.NativeConstructorAccessorImpl.newInstance(NativeConstructorAccessorImpl.java:77)
	at java.base/jdk.internal.reflect.DelegatingConstructorAccessorImpl.newInstance(DelegatingConstructorAccessorImpl.java:45)
	at java.base/java.lang.reflect.Constructor.newInstanceWithCaller(Constructor.java:499)
	at java.base/java.lang.reflect.Constructor.newInstance(Constructor.java:480)
	at org.openqa.selenium.remote.ErrorCodec.decode(ErrorCodec.java:167)
	at org.openqa.selenium.remote.codec.w3c.W3CHttpResponseCodec.decode(W3CHttpResponseCodec.java:138)
	at org.openqa.selenium.remote.codec.w3c.W3CHttpResponseCodec.decode(W3CHttpResponseCodec.java:50)
	at org.openqa.selenium.remote.HttpCommandExecutor.execute(HttpCommandExecutor.java:190)
	at org.openqa.selenium.remote.service.DriverCommandExecutor.invokeExecute(DriverCommandExecutor.java:216)
	at org.openqa.selenium.remote.service.DriverCommandExecutor.execute(DriverCommandExecutor.java:174)
	at org.openqa.selenium.remote.RemoteWebDriver.execute(RemoteWebDriver.java:519)
	at org.openqa.selenium.remote.ElementLocation$ElementFinder$2.findElement(ElementLocation.java:165)
	at org.openqa.selenium.remote.ElementLocation.findElement(ElementLocation.java:59)
	at org.openqa.selenium.remote.RemoteWebDriver.findElement(RemoteWebDriver.java:356)
	at org.openqa.selenium.remote.RemoteWebDriver.findElement(RemoteWebDriver.java:350)
	at com.sevenrmartsupermarket.pages.AdminUsersPage.deleteUser(AdminUsersPage.java:213)
	at com.sevenrmartsupermarket.tests.AdminUsersTest.verifyUserProfileDeletion(AdminUsersTest.java:98)
	at java.base/jdk.internal.reflect.NativeMethodAccessorImpl.invoke0(Native Method)
	at java.base/jdk.internal.reflect.NativeMethodAccessorImpl.invoke(NativeMethodAccessorImpl.java:77)
	at java.base/jdk.internal.reflect.DelegatingMethodAccessorImpl.invoke(DelegatingMethodAccessorImpl.java:43)
	at java.base/java.lang.reflect.Method.invoke(Method.java:568)
	at org.testng.internal.invokers.MethodInvocationHelper.invokeMethod(MethodInvocationHelper.java:139)
	at org.testng.internal.invokers.TestInvoker.invokeMethod(TestInvoker.java:664)
	at org.testng.internal.invokers.TestInvoker.invokeTestMethod(TestInvoker.java:227)
	at org.testng.internal.invokers.MethodRunner.runInSequence(MethodRunner.java:50)
	at org.testng.internal.invokers.TestInvoker$MethodInvocationAgent.invoke(TestInvoker.java:957)
	at org.testng.internal.invokers.TestInvoker.invokeTestMethods(TestInvoker.java:200)
	at org.testng.internal.invokers.TestMethodWorker.invokeTestMethods(TestMethodWorker.java:148)
	at org.testng.internal.invokers.TestMethodWorker.run(TestMethodWorker.java:128)
	at java.base/java.util.ArrayList.forEach(ArrayList.java:1511)
	at org.testng.TestRunner.privateRun(TestRunner.java:848)
	at org.testng.TestRunner.run(TestRunner.java:621)
	at org.testng.SuiteRunner.runTest(SuiteRunner.java:443)
	at org.testng.SuiteRunner$SuiteWorker.run(SuiteRunner.java:481)
	at org.testng.internal.thread.ThreadUtil.lambda$execute$0(ThreadUtil.java:58)
	at java.base/java.util.concurrent.FutureTask.run(FutureTask.java:264)
	at java.base/java.util.concurrent.ThreadPoolExecutor.runWorker(ThreadPoolExecutor.java:1136)
	at java.base/java.util.concurrent.ThreadPoolExecutor$Worker.run(ThreadPoolExecutor.java:635)
	at java.base/java.lang.Thread.run(Thread.java:842)
</pre></td>
                                                                   </tr>
                                                                   <tr class='skip'>
                                                                       <td>2024-05-22 19:59:03</td>
                                                                       <td><span class='exception-link linked' extentid='b8dd4df4-4a1d-43f2-9155-5df7d8610a4f'>verifyUserProfileDeletion</span></td>
                                                                       <td><pre class='exception-message'>org.openqa.selenium.NoSuchElementException: no such element: Unable to locate element: {"method":"xpath","selector":"//table//tr[40]//td[5]//a[3]"}
  (Session info: chrome=124.0.6367.210)
For documentation on this error, please visit: https://www.selenium.dev/documentation/webdriver/troubleshooting/errors#no-such-element-exception
Build info: version: '4.18.1', revision: 'b1d3319b48'
System info: os.name: 'Windows 11', os.arch: 'amd64', os.version: '10.0', java.version: '17.0.10'
Driver info: org.openqa.selenium.chrome.ChromeDriver
Command: [6db44a0ece8f6fb4c142244fe2c93ab3, findElement {using=xpath, value=//table//tr[40]//td[5]//a[3]}]
Capabilities {acceptInsecureCerts: false, browserName: chrome, browserVersion: 124.0.6367.210, chrome: {chromedriverVersion: 124.0.6367.207 (a9001a6e39f..., userDataDir: C:\Users\SUSMITHA\AppData\L...}, fedcm:accounts: true, goog:chromeOptions: {debuggerAddress: localhost:56200}, networkConnectionEnabled: false, pageLoadStrategy: normal, platformName: windows, proxy: Proxy(), se:cdp: ws://localhost:56200/devtoo..., se:cdpVersion: 124.0.6367.210, setWindowRect: true, strictFileInteractability: false, timeouts: {implicit: 0, pageLoad: 300000, script: 30000}, unhandledPromptBehavior: dismiss and notify, webauthn:extension:credBlob: true, webauthn:extension:largeBlob: true, webauthn:extension:minPinLength: true, webauthn:extension:prf: true, webauthn:virtualAuthenticators: true}
Session ID: 6db44a0ece8f6fb4c142244fe2c93ab3
	at java.base/jdk.internal.reflect.NativeConstructorAccessorImpl.newInstance0(Native Method)
	at java.base/jdk.internal.reflect.NativeConstructorAccessorImpl.newInstance(NativeConstructorAccessorImpl.java:77)
	at java.base/jdk.internal.reflect.DelegatingConstructorAccessorImpl.newInstance(DelegatingConstructorAccessorImpl.java:45)
	at java.base/java.lang.reflect.Constructor.newInstanceWithCaller(Constructor.java:499)
	at java.base/java.lang.reflect.Constructor.newInstance(Constructor.java:480)
	at org.openqa.selenium.remote.ErrorCodec.decode(ErrorCodec.java:167)
	at org.openqa.selenium.remote.codec.w3c.W3CHttpResponseCodec.decode(W3CHttpResponseCodec.java:138)
	at org.openqa.selenium.remote.codec.w3c.W3CHttpResponseCodec.decode(W3CHttpResponseCodec.java:50)
	at org.openqa.selenium.remote.HttpCommandExecutor.execute(HttpCommandExecutor.java:190)
	at org.openqa.selenium.remote.service.DriverCommandExecutor.invokeExecute(DriverCommandExecutor.java:216)
	at org.openqa.selenium.remote.service.DriverCommandExecutor.execute(DriverCommandExecutor.java:174)
	at org.openqa.selenium.remote.RemoteWebDriver.execute(RemoteWebDriver.java:519)
	at org.openqa.selenium.remote.ElementLocation$ElementFinder$2.findElement(ElementLocation.java:165)
	at org.openqa.selenium.remote.ElementLocation.findElement(ElementLocation.java:59)
	at org.openqa.selenium.remote.RemoteWebDriver.findElement(RemoteWebDriver.java:356)
	at org.openqa.selenium.remote.RemoteWebDriver.findElement(RemoteWebDriver.java:350)
	at com.sevenrmartsupermarket.pages.AdminUsersPage.deleteUser(AdminUsersPage.java:213)
	at com.sevenrmartsupermarket.tests.AdminUsersTest.verifyUserProfileDeletion(AdminUsersTest.java:98)
	at java.base/jdk.internal.reflect.NativeMethodAccessorImpl.invoke0(Native Method)
	at java.base/jdk.internal.reflect.NativeMethodAccessorImpl.invoke(NativeMethodAccessorImpl.java:77)
	at java.base/jdk.internal.reflect.DelegatingMethodAccessorImpl.invoke(DelegatingMethodAccessorImpl.java:43)
	at java.base/java.lang.reflect.Method.invoke(Method.java:568)
	at org.testng.internal.invokers.MethodInvocationHelper.invokeMethod(MethodInvocationHelper.java:139)
	at org.testng.internal.invokers.TestInvoker.invokeMethod(TestInvoker.java:664)
	at org.testng.internal.invokers.TestInvoker.retryFailed(TestInvoker.java:248)
	at org.testng.internal.invokers.MethodRunner.runInSequence(MethodRunner.java:62)
	at org.testng.internal.invokers.TestInvoker$MethodInvocationAgent.invoke(TestInvoker.java:957)
	at org.testng.internal.invokers.TestInvoker.invokeTestMethods(TestInvoker.java:200)
	at org.testng.internal.invokers.TestMethodWorker.invokeTestMethods(TestMethodWorker.java:148)
	at org.testng.internal.invokers.TestMethodWorker.run(TestMethodWorker.java:128)
	at java.base/java.util.ArrayList.forEach(ArrayList.java:1511)
	at org.testng.TestRunner.privateRun(TestRunner.java:848)
	at org.testng.TestRunner.run(TestRunner.java:621)
	at org.testng.SuiteRunner.runTest(SuiteRunner.java:443)
	at org.testng.SuiteRunner$SuiteWorker.run(SuiteRunner.java:481)
	at org.testng.internal.thread.ThreadUtil.lambda$execute$0(ThreadUtil.java:58)
	at java.base/java.util.concurrent.FutureTask.run(FutureTask.java:264)
	at java.base/java.util.concurrent.ThreadPoolExecutor.runWorker(ThreadPoolExecutor.java:1136)
	at java.base/java.util.concurrent.ThreadPoolExecutor$Worker.run(ThreadPoolExecutor.java:635)
	at java.base/java.lang.Thread.run(Thread.java:842)
</pre></td>
                                                                   </tr>
                                                            </tbody>
														</table>
													</div>
												</div> 
											</li>
									</ul>
								</div>
							</div>
						</div>
					</div>
					<div id='exception-details-wrapper' class='col _addedCell2'>
						<div class='contents'>
							<div class='card-panel details-view'>
								<h5 class='exception-name'></h5>
								<div class='exception-container'>
								</div>
							</div>
						</div>
					</div>
				</div>
			<!-- /exceptions -->
			
			<!-- testrunner logs -->
			<!-- /testrunner logs -->
			
		</div>
		<!-- /container -->
		
		<!-- test dashboard counts setting -->
		<div id='test-count-setting' class='modal bottom-sheet'> 
			<div class='modal-content'> 
				<h5>Configure Tests Count Setting</h5> 
				<input name='test-count-setting' type='radio' id='parentWithoutNodes' class='with-gap'> 
				<label for='parentWithoutNodes'>Parent Tests Only (Does not include child nodes in counts)</label> 
				<br> 
				<input name='test-count-setting' type='radio' id='parentWithoutNodesAndNodes' class='with-gap'> 
				<label for='parentWithoutNodesAndNodes'>Parent Tests Without Child Tests + Child Tests</label> 
				<br> 
				<input name='test-count-setting' type='radio' id='childNodes' class='with-gap'> 
				<label for='childNodes'>Child Tests Only</label> 
			</div> 
			<div class='modal-footer'> 
				<a href='#!' class='modal-action modal-close waves-effect waves-green btn'>Save</a> 
			</div> 
		</div>
		<!-- /test dashboard counts setting -->
		
		<!-- filter for step status -->
		<div id='step-status-filter' class='modal bottom-sheet'> 
			<div class='modal-content'> 
				<h5>Select status</h5> 
				<input checked class='filled-in' type='checkbox' id='step-dashboard-filter-pass'> 
				<label for='step-dashboard-filter-pass'>Pass</label> 
				<br> 
				<input checked class='filled-in' type='checkbox' id='step-dashboard-filter-fail'> 
				<label for='step-dashboard-filter-fail'>Fail</label> 
				<br> 
				<input checked class='filled-in' type='checkbox' id='step-dashboard-filter-fatal'> 
				<label for='step-dashboard-filter-fatal'>Fatal</label> 
				<br> 
				<input checked class='filled-in' type='checkbox' id='step-dashboard-filter-error'> 
				<label for='step-dashboard-filter-error'>Error</label> 
				<br> 
				<input checked class='filled-in' type='checkbox' id='step-dashboard-filter-warning'> 
				<label for='step-dashboard-filter-warning'>Warning</label> 
				<br> 
				<input checked class='filled-in' type='checkbox' id='step-dashboard-filter-skip'> 
				<label for='step-dashboard-filter-skip'>Skipped</label> 
				<br> 
				<input checked class='filled-in' type='checkbox' id='step-dashboard-filter-info'> 
				<label for='step-dashboard-filter-info'>Info</label> 
				<br> 
				<input checked class='filled-in' type='checkbox' id='step-dashboard-filter-unknown'> 
				<label for='step-dashboard-filter-unknown'>Unknown</label> 
			</div>
			<div class='modal-footer'> 
				<a href='#!' class='modal-action modal-close waves-effect waves-green btn'>Save</a> 
			</div> 
		</div>
		<!-- /filter for step status -->
		
		<script src='https://cdn.rawgit.com/anshooarora/extentreports/6032d73243ba4fe4fb8769eb9c315d4fdf16fe68/cdn/extent.js' type='text/javascript'></script>

		<script>$(document).ready(function() { $('.logo span').html('ExtentReports'); });</script>
		<script>
				
            
                $(document).ready(function() {
                    
                });
            
        
		</script>
	</body>
</html>
