<?xml version="1.0" encoding="UTF-8"?>
<!-- Generated by org.testng.reporters.JUnitXMLReporter -->
<testsuite ignored="0" hostname="LAPTOP-6C34LHA8" failures="1" tests="1" name="SmokeTest" time="4.536" errors="0" timestamp="2024-05-21T20:03:19 IST">
  <testcase classname="com.sevenrmartsupermarket.tests.HomeTest" name="verify_GraphicElements" time="1.429">
    <failure type="java.lang.AssertionError" message="expected [16] but found [14]">
      <![CDATA[java.lang.AssertionError: expected [16] but found [14]
at com.sevenrmartsupermarket.tests.HomeTest.verify_GraphicElements(HomeTest.java:22)
at java.base/java.util.ArrayList.forEach(ArrayList.java:1511)
at java.base/java.util.concurrent.FutureTask.run(FutureTask.java:264)
at java.base/java.util.concurrent.ThreadPoolExecutor.runWorker(ThreadPoolExecutor.java:1136)
at java.base/java.util.concurrent.ThreadPoolExecutor$Worker.run(ThreadPoolExecutor.java:635)
at java.base/java.lang.Thread.run(Thread.java:842)
... Removed 24 stack frames]]>
    </failure>
  </testcase> <!-- verify_GraphicElements -->
</testsuite> <!-- SmokeTest -->
